2026-02-03 18:50:23,457 - aqt.main - INFO - installer 45692 aqtinstall(aqt) v3.3.0 on Python 3.11.3 [CPython MSC v.1934 64 bit (AMD64)]
2026-02-03 18:50:23,458 - aqt.helper - DEBUG - helper 45692 Attempt to download checksum at https://download.qt.io/online/qtsdkrepository/windows_x86/desktop/qt6_6101/qt6_6101/Updates.xml.sha256
2026-02-03 18:50:23,998 - aqt.helper - DEBUG - helper 45692 Attempt to download checksum at https://download.qt.io/online/qtsdkrepository/windows_x86/extensions/qtwebengine/6101/msvc2022_64/Updates.xml.sha256
2026-02-03 18:50:24,403 - aqt.archives - INFO - archives 45692 Found extension qtwebengine
2026-02-03 18:50:24,404 - aqt.helper - DEBUG - helper 45692 Attempt to download checksum at https://download.qt.io/online/qtsdkrepository/windows_x86/extensions/qtpdf/6101/msvc2022_64/Updates.xml.sha256
2026-02-03 18:50:24,848 - aqt.archives - INFO - archives 45692 Found extension qtpdf
2026-02-03 18:50:24,880 - aqt.main - ERROR - installer 45692 The packages ['qtbase', 'qtsvg'] were not found while parsing XML of package information!
==============================Suggested follow-up:==============================
* Please use 'aqt list-qt windows desktop --modules 6.10.1 <arch>' to show modules available.
2026-02-03 18:50:33,318 - aqt.helper - DEBUG - helper 39560 Attempt to download checksum at https://download.qt.io/online/qtsdkrepository/windows_x86/desktop/qt6_6101/qt6_6101/Updates.xml.sha256
2026-02-03 18:50:33,888 - aqt.helper - DEBUG - helper 39560 Attempt to download checksum at https://download.qt.io/online/qtsdkrepository/windows_x86/extensions/qtpdf/6101/msvc2022_64/Updates.xml.sha256
2026-02-03 18:50:34,275 - aqt.helper - DEBUG - helper 39560 Attempt to download checksum at https://download.qt.io/online/qtsdkrepository/windows_x86/extensions/qtwebengine/6101/msvc2022_64/Updates.xml.sha256
2026-02-03 18:51:12,787 - aqt.main - INFO - installer 45120 aqtinstall(aqt) v3.3.0 on Python 3.11.3 [CPython MSC v.1934 64 bit (AMD64)]
2026-02-03 18:51:12,787 - aqt.helper - DEBUG - helper 45120 Attempt to download checksum at https://download.qt.io/online/qtsdkrepository/windows_x86/desktop/qt6_6101/qt6_6101/Updates.xml.sha256
2026-02-03 18:51:13,333 - aqt.helper - DEBUG - helper 45120 Attempt to download checksum at https://download.qt.io/online/qtsdkrepository/windows_x86/extensions/qtwebengine/6101/msvc2022_64/Updates.xml.sha256
2026-02-03 18:51:13,774 - aqt.archives - INFO - archives 45120 Found extension qtwebengine
2026-02-03 18:51:13,774 - aqt.helper - DEBUG - helper 45120 Attempt to download checksum at https://download.qt.io/online/qtsdkrepository/windows_x86/extensions/qtpdf/6101/msvc2022_64/Updates.xml.sha256
2026-02-03 18:51:14,178 - aqt.archives - INFO - archives 45120 Found extension qtpdf
2026-02-03 18:51:14,678 - aqt.helper - DEBUG - helper 43640 Attempt to download checksum at https://download.qt.io/online/qtsdkrepository/windows_x86/desktop/qt6_6101/qt6_6101/qt.qt6.6101.addons.qtimageformats.win64_msvc2022_64/6.10.1-0-202511161843qtimageformats-Windows-Windows_11_24H2-MSVC2022-Windows-Windows_11_24H2-X86_64.7z.sha256
2026-02-03 18:51:14,678 - aqt.helper - DEBUG - helper 34820 Attempt to download checksum at https://download.qt.io/online/qtsdkrepository/windows_x86/desktop/qt6_6101/qt6_6101/qt.qt6.6101.addons.qtmultimedia.win64_msvc2022_64/6.10.1-0-202511161843qtmultimedia-Windows-Windows_11_24H2-MSVC2022-Windows-Windows_11_24H2-X86_64.7z.sha256
2026-02-03 18:51:14,683 - aqt.helper - DEBUG - helper 41988 Attempt to download checksum at https://download.qt.io/online/qtsdkrepository/windows_x86/desktop/qt6_6101/qt6_6101/qt.qt6.6101.win64_msvc2022_64/6.10.1-0-202511161843qtbase-Windows-Windows_11_24H2-MSVC2022-Windows-Windows_11_24H2-X86_64.7z.sha256
2026-02-03 18:51:14,683 - aqt.helper - DEBUG - helper 43308 Attempt to download checksum at https://download.qt.io/online/qtsdkrepository/windows_x86/desktop/qt6_6101/qt6_6101/qt.qt6.6101.win64_msvc2022_64/6.10.1-0-202511161843qtsvg-Windows-Windows_11_24H2-MSVC2022-Windows-Windows_11_24H2-X86_64.7z.sha256
2026-02-03 18:51:14,881 - aqt.helper - INFO - helper 43640 Downloading qtimageformats...
2026-02-03 18:51:14,882 - aqt.installer - DEBUG - installer 43640 Download URL: https://download.qt.io/online/qtsdkrepository/windows_x86/desktop/qt6_6101/qt6_6101/qt.qt6.6101.addons.qtimageformats.win64_msvc2022_64/6.10.1-0-202511161843qtimageformats-Windows-Windows_11_24H2-MSVC2022-Windows-Windows_11_24H2-X86_64.7z
2026-02-03 18:51:14,901 - aqt.helper - INFO - helper 41988 Downloading qtbase...
2026-02-03 18:51:14,901 - aqt.installer - DEBUG - installer 41988 Download URL: https://download.qt.io/online/qtsdkrepository/windows_x86/desktop/qt6_6101/qt6_6101/qt.qt6.6101.win64_msvc2022_64/6.10.1-0-202511161843qtbase-Windows-Windows_11_24H2-MSVC2022-Windows-Windows_11_24H2-X86_64.7z
2026-02-03 18:51:14,915 - aqt.helper - INFO - helper 43308 Downloading qtsvg...
2026-02-03 18:51:14,915 - aqt.installer - DEBUG - installer 43308 Download URL: https://download.qt.io/online/qtsdkrepository/windows_x86/desktop/qt6_6101/qt6_6101/qt.qt6.6101.win64_msvc2022_64/6.10.1-0-202511161843qtsvg-Windows-Windows_11_24H2-MSVC2022-Windows-Windows_11_24H2-X86_64.7z
2026-02-03 18:51:14,917 - aqt.helper - INFO - helper 34820 Downloading qtmultimedia...
2026-02-03 18:51:14,917 - aqt.installer - DEBUG - installer 34820 Download URL: https://download.qt.io/online/qtsdkrepository/windows_x86/desktop/qt6_6101/qt6_6101/qt.qt6.6101.addons.qtmultimedia.win64_msvc2022_64/6.10.1-0-202511161843qtmultimedia-Windows-Windows_11_24H2-MSVC2022-Windows-Windows_11_24H2-X86_64.7z
2026-02-03 18:51:15,091 - aqt.helper - DEBUG - helper 41988 Asked to redirect(302) to: https://mirrors.ukfast.co.uk/sites/qt.io/online/qtsdkrepository/windows_x86/desktop/qt6_6101/qt6_6101/qt.qt6.6101.win64_msvc2022_64/6.10.1-0-202511161843qtbase-Windows-Windows_11_24H2-MSVC2022-Windows-Windows_11_24H2-X86_64.7z
2026-02-03 18:51:15,091 - aqt.helper - INFO - helper 41988 Redirected: mirrors.ukfast.co.uk
2026-02-03 18:51:15,102 - aqt.helper - DEBUG - helper 43640 Asked to redirect(302) to: https://mirrors.ukfast.co.uk/sites/qt.io/online/qtsdkrepository/windows_x86/desktop/qt6_6101/qt6_6101/qt.qt6.6101.addons.qtimageformats.win64_msvc2022_64/6.10.1-0-202511161843qtimageformats-Windows-Windows_11_24H2-MSVC2022-Windows-Windows_11_24H2-X86_64.7z
2026-02-03 18:51:15,102 - aqt.helper - INFO - helper 43640 Redirected: mirrors.ukfast.co.uk
2026-02-03 18:51:15,105 - aqt.helper - DEBUG - helper 34820 Asked to redirect(302) to: https://mirrors.ukfast.co.uk/sites/qt.io/online/qtsdkrepository/windows_x86/desktop/qt6_6101/qt6_6101/qt.qt6.6101.addons.qtmultimedia.win64_msvc2022_64/6.10.1-0-202511161843qtmultimedia-Windows-Windows_11_24H2-MSVC2022-Windows-Windows_11_24H2-X86_64.7z
2026-02-03 18:51:15,105 - aqt.helper - INFO - helper 34820 Redirected: mirrors.ukfast.co.uk
2026-02-03 18:51:15,109 - aqt.helper - DEBUG - helper 43308 Asked to redirect(302) to: https://mirrors.ukfast.co.uk/sites/qt.io/online/qtsdkrepository/windows_x86/desktop/qt6_6101/qt6_6101/qt.qt6.6101.win64_msvc2022_64/6.10.1-0-202511161843qtsvg-Windows-Windows_11_24H2-MSVC2022-Windows-Windows_11_24H2-X86_64.7z
2026-02-03 18:51:15,109 - aqt.helper - INFO - helper 43308 Redirected: mirrors.ukfast.co.uk
2026-02-03 18:51:15,480 - aqt.installer - INFO - installer 43640 Finished installation of qtimageformats-Windows-Windows_11_24H2-MSVC2022-Windows-Windows_11_24H2-X86_64.7z in 0.80405270
2026-02-03 18:51:15,490 - aqt.installer - INFO - installer 43308 Finished installation of qtsvg-Windows-Windows_11_24H2-MSVC2022-Windows-Windows_11_24H2-X86_64.7z in 0.80925280
2026-02-03 18:51:15,494 - aqt.helper - DEBUG - helper 43640 Attempt to download checksum at https://download.qt.io/online/qtsdkrepository/windows_x86/desktop/qt6_6101/qt6_6101/qt.qt6.6101.win64_msvc2022_64/6.10.1-0-202511161843qtdeclarative-Windows-Windows_11_24H2-MSVC2022-Windows-Windows_11_24H2-X86_64.7z.sha256
2026-02-03 18:51:15,507 - aqt.helper - DEBUG - helper 43308 Attempt to download checksum at https://download.qt.io/online/qtsdkrepository/windows_x86/desktop/qt6_6101/qt6_6101/qt.qt6.6101.win64_msvc2022_64/6.10.1-0-202511161843qttools-Windows-Windows_11_24H2-MSVC2022-Windows-Windows_11_24H2-X86_64.7z.sha256
2026-02-03 18:51:15,696 - aqt.helper - INFO - helper 43640 Downloading qtdeclarative...
2026-02-03 18:51:15,696 - aqt.installer - DEBUG - installer 43640 Download URL: https://download.qt.io/online/qtsdkrepository/windows_x86/desktop/qt6_6101/qt6_6101/qt.qt6.6101.win64_msvc2022_64/6.10.1-0-202511161843qtdeclarative-Windows-Windows_11_24H2-MSVC2022-Windows-Windows_11_24H2-X86_64.7z
2026-02-03 18:51:15,700 - aqt.helper - INFO - helper 43308 Downloading qttools...
2026-02-03 18:51:15,700 - aqt.installer - DEBUG - installer 43308 Download URL: https://download.qt.io/online/qtsdkrepository/windows_x86/desktop/qt6_6101/qt6_6101/qt.qt6.6101.win64_msvc2022_64/6.10.1-0-202511161843qttools-Windows-Windows_11_24H2-MSVC2022-Windows-Windows_11_24H2-X86_64.7z
2026-02-03 18:51:15,907 - aqt.helper - DEBUG - helper 43308 Asked to redirect(302) to: https://mirrors.ukfast.co.uk/sites/qt.io/online/qtsdkrepository/windows_x86/desktop/qt6_6101/qt6_6101/qt.qt6.6101.win64_msvc2022_64/6.10.1-0-202511161843qttools-Windows-Windows_11_24H2-MSVC2022-Windows-Windows_11_24H2-X86_64.7z
2026-02-03 18:51:15,907 - aqt.helper - INFO - helper 43308 Redirected: mirrors.ukfast.co.uk
2026-02-03 18:51:15,912 - aqt.helper - DEBUG - helper 43640 Asked to redirect(302) to: https://mirrors.ukfast.co.uk/sites/qt.io/online/qtsdkrepository/windows_x86/desktop/qt6_6101/qt6_6101/qt.qt6.6101.win64_msvc2022_64/6.10.1-0-202511161843qtdeclarative-Windows-Windows_11_24H2-MSVC2022-Windows-Windows_11_24H2-X86_64.7z
2026-02-03 18:51:15,912 - aqt.helper - INFO - helper 43640 Redirected: mirrors.ukfast.co.uk
2026-02-03 18:51:21,897 - aqt.installer - INFO - installer 43308 Finished installation of qttools-Windows-Windows_11_24H2-MSVC2022-Windows-Windows_11_24H2-X86_64.7z in 6.39027930
2026-02-03 18:51:21,939 - aqt.helper - DEBUG - helper 43308 Attempt to download checksum at https://download.qt.io/online/qtsdkrepository/windows_x86/desktop/qt6_6101/qt6_6101/qt.qt6.6101.win64_msvc2022_64/6.10.1-0-202511161843qttranslations-Windows-Windows_11_24H2-MSVC2022-Windows-Windows_11_24H2-X86_64.7z.sha256
2026-02-03 18:51:22,158 - aqt.helper - INFO - helper 43308 Downloading qttranslations...
2026-02-03 18:51:22,158 - aqt.installer - DEBUG - installer 43308 Download URL: https://download.qt.io/online/qtsdkrepository/windows_x86/desktop/qt6_6101/qt6_6101/qt.qt6.6101.win64_msvc2022_64/6.10.1-0-202511161843qttranslations-Windows-Windows_11_24H2-MSVC2022-Windows-Windows_11_24H2-X86_64.7z
2026-02-03 18:51:22,369 - aqt.helper - DEBUG - helper 43308 Asked to redirect(302) to: https://mirrors.ukfast.co.uk/sites/qt.io/online/qtsdkrepository/windows_x86/desktop/qt6_6101/qt6_6101/qt.qt6.6101.win64_msvc2022_64/6.10.1-0-202511161843qttranslations-Windows-Windows_11_24H2-MSVC2022-Windows-Windows_11_24H2-X86_64.7z
2026-02-03 18:51:22,369 - aqt.helper - INFO - helper 43308 Redirected: mirrors.ukfast.co.uk
2026-02-03 18:51:22,962 - aqt.installer - INFO - installer 34820 Finished installation of qtmultimedia-Windows-Windows_11_24H2-MSVC2022-Windows-Windows_11_24H2-X86_64.7z in 8.28335410
2026-02-03 18:51:22,990 - aqt.helper - DEBUG - helper 34820 Attempt to download checksum at https://download.qt.io/online/qtsdkrepository/windows_x86/desktop/qt6_6101/qt6_6101/qt.qt6.6101.win64_msvc2022_64/6.10.1-0-202511161843d3dcompiler_47-x64.7z.sha256
2026-02-03 18:51:23,171 - aqt.helper - INFO - helper 34820 Downloading d3dcompiler_47...
2026-02-03 18:51:23,171 - aqt.installer - DEBUG - installer 34820 Download URL: https://download.qt.io/online/qtsdkrepository/windows_x86/desktop/qt6_6101/qt6_6101/qt.qt6.6101.win64_msvc2022_64/6.10.1-0-202511161843d3dcompiler_47-x64.7z
2026-02-03 18:51:23,345 - aqt.installer - INFO - installer 43308 Finished installation of qttranslations-Windows-Windows_11_24H2-MSVC2022-Windows-Windows_11_24H2-X86_64.7z in 1.41121900
2026-02-03 18:51:23,373 - aqt.helper - DEBUG - helper 43308 Attempt to download checksum at https://download.qt.io/online/qtsdkrepository/windows_x86/desktop/qt6_6101/qt6_6101/qt.qt6.6101.win64_msvc2022_64/6.10.1-0-202511161843opengl32sw-64-mesa_11_2_2-signed_sha256.7z.sha256
2026-02-03 18:51:23,389 - aqt.helper - DEBUG - helper 34820 Asked to redirect(302) to: https://mirrors.ukfast.co.uk/sites/qt.io/online/qtsdkrepository/windows_x86/desktop/qt6_6101/qt6_6101/qt.qt6.6101.win64_msvc2022_64/6.10.1-0-202511161843d3dcompiler_47-x64.7z
2026-02-03 18:51:23,389 - aqt.helper - INFO - helper 34820 Redirected: mirrors.ukfast.co.uk
2026-02-03 18:51:23,561 - aqt.helper - INFO - helper 43308 Downloading opengl32sw...
2026-02-03 18:51:23,561 - aqt.installer - DEBUG - installer 43308 Download URL: https://download.qt.io/online/qtsdkrepository/windows_x86/desktop/qt6_6101/qt6_6101/qt.qt6.6101.win64_msvc2022_64/6.10.1-0-202511161843opengl32sw-64-mesa_11_2_2-signed_sha256.7z
2026-02-03 18:51:23,772 - aqt.helper - DEBUG - helper 43308 Asked to redirect(302) to: https://mirrors.ukfast.co.uk/sites/qt.io/online/qtsdkrepository/windows_x86/desktop/qt6_6101/qt6_6101/qt.qt6.6101.win64_msvc2022_64/6.10.1-0-202511161843opengl32sw-64-mesa_11_2_2-signed_sha256.7z
2026-02-03 18:51:23,772 - aqt.helper - INFO - helper 43308 Redirected: mirrors.ukfast.co.uk
2026-02-03 18:51:23,823 - aqt.installer - INFO - installer 34820 Finished installation of d3dcompiler_47-x64.7z in 0.83554460
2026-02-03 18:51:24,874 - aqt.installer - INFO - installer 43308 Finished installation of opengl32sw-64-mesa_11_2_2-signed_sha256.7z in 1.50338690
2026-02-03 18:51:29,091 - aqt.installer - INFO - installer 41988 Finished installation of qtbase-Windows-Windows_11_24H2-MSVC2022-Windows-Windows_11_24H2-X86_64.7z in 14.40651780
2026-02-03 18:52:01,778 - aqt.installer - INFO - installer 43640 Finished installation of qtdeclarative-Windows-Windows_11_24H2-MSVC2022-Windows-Windows_11_24H2-X86_64.7z in 46.27660260
2026-02-03 18:52:02,178 - aqt.updater - INFO - updater 45120 Patching C:\Qt\6.10.1\msvc2022_64\bin\qmake.exe
2026-02-03 18:52:02,185 - aqt.updater - INFO - updater 45120 Patching C:\Qt\6.10.1\msvc2022_64\lib\Qt6Charts.prl
2026-02-03 18:52:02,203 - aqt.updater - INFO - updater 45120 Patching C:\Qt\6.10.1\msvc2022_64\lib\Qt6Chartsd.prl
2026-02-03 18:52:02,222 - aqt.updater - INFO - updater 45120 Patching C:\Qt\6.10.1\msvc2022_64\lib\Qt6ChartsQml.prl
2026-02-03 18:52:02,231 - aqt.updater - INFO - updater 45120 Patching C:\Qt\6.10.1\msvc2022_64\lib\Qt6ChartsQmld.prl
2026-02-03 18:52:02,254 - aqt.updater - INFO - updater 45120 Patching C:\Qt\6.10.1\msvc2022_64\lib\Qt6Concurrent.prl
2026-02-03 18:52:02,278 - aqt.updater - INFO - updater 45120 Patching C:\Qt\6.10.1\msvc2022_64\lib\Qt6Concurrentd.prl
2026-02-03 18:52:02,301 - aqt.updater - INFO - updater 45120 Patching C:\Qt\6.10.1\msvc2022_64\lib\Qt6Core.prl
2026-02-03 18:52:02,317 - aqt.updater - INFO - updater 45120 Patching C:\Qt\6.10.1\msvc2022_64\lib\Qt6Cored.prl
2026-02-03 18:52:02,332 - aqt.updater - INFO - updater 45120 Patching C:\Qt\6.10.1\msvc2022_64\lib\Qt6DBus.prl
2026-02-03 18:52:02,345 - aqt.updater - INFO - updater 45120 Patching C:\Qt\6.10.1\msvc2022_64\lib\Qt6DBusd.prl
2026-02-03 18:52:02,357 - aqt.updater - INFO - updater 45120 Patching C:\Qt\6.10.1\msvc2022_64\lib\Qt6Designer.prl
2026-02-03 18:52:02,365 - aqt.updater - INFO - updater 45120 Patching C:\Qt\6.10.1\msvc2022_64\lib\Qt6DesignerComponents.prl
2026-02-03 18:52:02,381 - aqt.updater - INFO - updater 45120 Patching C:\Qt\6.10.1\msvc2022_64\lib\Qt6DesignerComponentsd.prl
2026-02-03 18:52:02,397 - aqt.updater - INFO - updater 45120 Patching C:\Qt\6.10.1\msvc2022_64\lib\Qt6Designerd.prl
2026-02-03 18:52:02,419 - aqt.updater - INFO - updater 45120 Patching C:\Qt\6.10.1\msvc2022_64\lib\Qt6DeviceDiscoverySupport.prl
2026-02-03 18:52:02,439 - aqt.updater - INFO - updater 45120 Patching C:\Qt\6.10.1\msvc2022_64\lib\Qt6DeviceDiscoverySupportd.prl
2026-02-03 18:52:02,461 - aqt.updater - INFO - updater 45120 Patching C:\Qt\6.10.1\msvc2022_64\lib\Qt6EntryPoint.prl
2026-02-03 18:52:02,479 - aqt.updater - INFO - updater 45120 Patching C:\Qt\6.10.1\msvc2022_64\lib\Qt6EntryPointd.prl
2026-02-03 18:52:02,498 - aqt.updater - INFO - updater 45120 Patching C:\Qt\6.10.1\msvc2022_64\lib\Qt6ExampleIcons.prl
2026-02-03 18:52:02,520 - aqt.updater - INFO - updater 45120 Patching C:\Qt\6.10.1\msvc2022_64\lib\Qt6ExampleIconsd.prl
2026-02-03 18:52:02,541 - aqt.updater - INFO - updater 45120 Patching C:\Qt\6.10.1\msvc2022_64\lib\Qt6ExamplesAssetDownloader.prl
2026-02-03 18:52:02,561 - aqt.updater - INFO - updater 45120 Patching C:\Qt\6.10.1\msvc2022_64\lib\Qt6ExamplesAssetDownloaderd.prl
2026-02-03 18:52:02,573 - aqt.updater - INFO - updater 45120 Patching C:\Qt\6.10.1\msvc2022_64\lib\Qt6FbSupport.prl
2026-02-03 18:52:02,593 - aqt.updater - INFO - updater 45120 Patching C:\Qt\6.10.1\msvc2022_64\lib\Qt6FbSupportd.prl
2026-02-03 18:52:02,612 - aqt.updater - INFO - updater 45120 Patching C:\Qt\6.10.1\msvc2022_64\lib\Qt6FFmpegMediaPluginImpl.prl
2026-02-03 18:52:02,631 - aqt.updater - INFO - updater 45120 Patching C:\Qt\6.10.1\msvc2022_64\lib\Qt6FFmpegMediaPluginImpld.prl
2026-02-03 18:52:02,656 - aqt.updater - INFO - updater 45120 Patching C:\Qt\6.10.1\msvc2022_64\lib\Qt6Gui.prl
2026-02-03 18:52:02,681 - aqt.updater - INFO - updater 45120 Patching C:\Qt\6.10.1\msvc2022_64\lib\Qt6Guid.prl
2026-02-03 18:52:02,701 - aqt.updater - INFO - updater 45120 Patching C:\Qt\6.10.1\msvc2022_64\lib\Qt6Help.prl
2026-02-03 18:52:02,716 - aqt.updater - INFO - updater 45120 Patching C:\Qt\6.10.1\msvc2022_64\lib\Qt6Helpd.prl
2026-02-03 18:52:02,738 - aqt.updater - INFO - updater 45120 Patching C:\Qt\6.10.1\msvc2022_64\lib\Qt6LabsAnimation.prl
2026-02-03 18:52:02,754 - aqt.updater - INFO - updater 45120 Patching C:\Qt\6.10.1\msvc2022_64\lib\Qt6LabsAnimationd.prl
2026-02-03 18:52:02,782 - aqt.updater - INFO - updater 45120 Patching C:\Qt\6.10.1\msvc2022_64\lib\Qt6LabsFolderListModel.prl
2026-02-03 18:52:02,807 - aqt.updater - INFO - updater 45120 Patching C:\Qt\6.10.1\msvc2022_64\lib\Qt6LabsFolderListModeld.prl
2026-02-03 18:52:02,826 - aqt.updater - INFO - updater 45120 Patching C:\Qt\6.10.1\msvc2022_64\lib\Qt6LabsPlatform.prl
2026-02-03 18:52:02,851 - aqt.updater - INFO - updater 45120 Patching C:\Qt\6.10.1\msvc2022_64\lib\Qt6LabsPlatformd.prl
2026-02-03 18:52:02,870 - aqt.updater - INFO - updater 45120 Patching C:\Qt\6.10.1\msvc2022_64\lib\Qt6LabsQmlModels.prl
2026-02-03 18:52:02,881 - aqt.updater - INFO - updater 45120 Patching C:\Qt\6.10.1\msvc2022_64\lib\Qt6LabsQmlModelsd.prl
2026-02-03 18:52:02,904 - aqt.updater - INFO - updater 45120 Patching C:\Qt\6.10.1\msvc2022_64\lib\Qt6LabsSettings.prl
2026-02-03 18:52:02,925 - aqt.updater - INFO - updater 45120 Patching C:\Qt\6.10.1\msvc2022_64\lib\Qt6LabsSettingsd.prl
2026-02-03 18:52:02,947 - aqt.updater - INFO - updater 45120 Patching C:\Qt\6.10.1\msvc2022_64\lib\Qt6LabsSharedImage.prl
2026-02-03 18:52:02,973 - aqt.updater - INFO - updater 45120 Patching C:\Qt\6.10.1\msvc2022_64\lib\Qt6LabsSharedImaged.prl
2026-02-03 18:52:02,995 - aqt.updater - INFO - updater 45120 Patching C:\Qt\6.10.1\msvc2022_64\lib\Qt6LabsSynchronizer.prl
2026-02-03 18:52:03,020 - aqt.updater - INFO - updater 45120 Patching C:\Qt\6.10.1\msvc2022_64\lib\Qt6LabsSynchronizerd.prl
2026-02-03 18:52:03,038 - aqt.updater - INFO - updater 45120 Patching C:\Qt\6.10.1\msvc2022_64\lib\Qt6LabsWavefrontMesh.prl
2026-02-03 18:52:03,060 - aqt.updater - INFO - updater 45120 Patching C:\Qt\6.10.1\msvc2022_64\lib\Qt6LabsWavefrontMeshd.prl
2026-02-03 18:52:03,076 - aqt.updater - INFO - updater 45120 Patching C:\Qt\6.10.1\msvc2022_64\lib\Qt6Multimedia.prl
2026-02-03 18:52:03,088 - aqt.updater - INFO - updater 45120 Patching C:\Qt\6.10.1\msvc2022_64\lib\Qt6Multimediad.prl
2026-02-03 18:52:03,096 - aqt.updater - INFO - updater 45120 Patching C:\Qt\6.10.1\msvc2022_64\lib\Qt6MultimediaQuick.prl
2026-02-03 18:52:03,110 - aqt.updater - INFO - updater 45120 Patching C:\Qt\6.10.1\msvc2022_64\lib\Qt6MultimediaQuickd.prl
2026-02-03 18:52:03,120 - aqt.updater - INFO - updater 45120 Patching C:\Qt\6.10.1\msvc2022_64\lib\Qt6MultimediaTestLib.prl
2026-02-03 18:52:03,138 - aqt.updater - INFO - updater 45120 Patching C:\Qt\6.10.1\msvc2022_64\lib\Qt6MultimediaTestLibd.prl
2026-02-03 18:52:03,161 - aqt.updater - INFO - updater 45120 Patching C:\Qt\6.10.1\msvc2022_64\lib\Qt6MultimediaWidgets.prl
2026-02-03 18:52:03,180 - aqt.updater - INFO - updater 45120 Patching C:\Qt\6.10.1\msvc2022_64\lib\Qt6MultimediaWidgetsd.prl
2026-02-03 18:52:03,196 - aqt.updater - INFO - updater 45120 Patching C:\Qt\6.10.1\msvc2022_64\lib\Qt6Network.prl
2026-02-03 18:52:03,206 - aqt.updater - INFO - updater 45120 Patching C:\Qt\6.10.1\msvc2022_64\lib\Qt6Networkd.prl
2026-02-03 18:52:03,220 - aqt.updater - INFO - updater 45120 Patching C:\Qt\6.10.1\msvc2022_64\lib\Qt6OpenGL.prl
2026-02-03 18:52:03,236 - aqt.updater - INFO - updater 45120 Patching C:\Qt\6.10.1\msvc2022_64\lib\Qt6OpenGLd.prl
2026-02-03 18:52:03,251 - aqt.updater - INFO - updater 45120 Patching C:\Qt\6.10.1\msvc2022_64\lib\Qt6OpenGLWidgets.prl
2026-02-03 18:52:03,266 - aqt.updater - INFO - updater 45120 Patching C:\Qt\6.10.1\msvc2022_64\lib\Qt6OpenGLWidgetsd.prl
2026-02-03 18:52:03,291 - aqt.updater - INFO - updater 45120 Patching C:\Qt\6.10.1\msvc2022_64\lib\Qt6PacketProtocol.prl
2026-02-03 18:52:03,324 - aqt.updater - INFO - updater 45120 Patching C:\Qt\6.10.1\msvc2022_64\lib\Qt6PacketProtocold.prl
2026-02-03 18:52:03,355 - aqt.updater - INFO - updater 45120 Patching C:\Qt\6.10.1\msvc2022_64\lib\Qt6PrintSupport.prl
2026-02-03 18:52:03,378 - aqt.updater - INFO - updater 45120 Patching C:\Qt\6.10.1\msvc2022_64\lib\Qt6PrintSupportd.prl
2026-02-03 18:52:03,395 - aqt.updater - INFO - updater 45120 Patching C:\Qt\6.10.1\msvc2022_64\lib\Qt6Qml.prl
2026-02-03 18:52:03,411 - aqt.updater - INFO - updater 45120 Patching C:\Qt\6.10.1\msvc2022_64\lib\Qt6QmlAssetDownloader.prl
2026-02-03 18:52:03,432 - aqt.updater - INFO - updater 45120 Patching C:\Qt\6.10.1\msvc2022_64\lib\Qt6QmlAssetDownloaderd.prl
2026-02-03 18:52:03,444 - aqt.updater - INFO - updater 45120 Patching C:\Qt\6.10.1\msvc2022_64\lib\Qt6QmlCompiler.prl
2026-02-03 18:52:03,464 - aqt.updater - INFO - updater 45120 Patching C:\Qt\6.10.1\msvc2022_64\lib\Qt6QmlCompilerd.prl
2026-02-03 18:52:03,490 - aqt.updater - INFO - updater 45120 Patching C:\Qt\6.10.1\msvc2022_64\lib\Qt6QmlCore.prl
2026-02-03 18:52:03,515 - aqt.updater - INFO - updater 45120 Patching C:\Qt\6.10.1\msvc2022_64\lib\Qt6QmlCored.prl
2026-02-03 18:52:03,530 - aqt.updater - INFO - updater 45120 Patching C:\Qt\6.10.1\msvc2022_64\lib\Qt6Qmld.prl
2026-02-03 18:52:03,544 - aqt.updater - INFO - updater 45120 Patching C:\Qt\6.10.1\msvc2022_64\lib\Qt6QmlDebug.prl
2026-02-03 18:52:03,559 - aqt.updater - INFO - updater 45120 Patching C:\Qt\6.10.1\msvc2022_64\lib\Qt6QmlDebugd.prl
2026-02-03 18:52:03,575 - aqt.updater - INFO - updater 45120 Patching C:\Qt\6.10.1\msvc2022_64\lib\Qt6QmlDom.prl
2026-02-03 18:52:03,589 - aqt.updater - INFO - updater 45120 Patching C:\Qt\6.10.1\msvc2022_64\lib\Qt6QmlDomd.prl
2026-02-03 18:52:03,605 - aqt.updater - INFO - updater 45120 Patching C:\Qt\6.10.1\msvc2022_64\lib\Qt6QmlFormat.prl
2026-02-03 18:52:03,624 - aqt.updater - INFO - updater 45120 Patching C:\Qt\6.10.1\msvc2022_64\lib\Qt6QmlFormatd.prl
2026-02-03 18:52:03,639 - aqt.updater - INFO - updater 45120 Patching C:\Qt\6.10.1\msvc2022_64\lib\Qt6QmlLocalStorage.prl
2026-02-03 18:52:03,649 - aqt.updater - INFO - updater 45120 Patching C:\Qt\6.10.1\msvc2022_64\lib\Qt6QmlLocalStoraged.prl
2026-02-03 18:52:03,668 - aqt.updater - INFO - updater 45120 Patching C:\Qt\6.10.1\msvc2022_64\lib\Qt6QmlLS.prl
2026-02-03 18:52:03,690 - aqt.updater - INFO - updater 45120 Patching C:\Qt\6.10.1\msvc2022_64\lib\Qt6QmlLSd.prl
2026-02-03 18:52:03,715 - aqt.updater - INFO - updater 45120 Patching C:\Qt\6.10.1\msvc2022_64\lib\Qt6QmlMeta.prl
2026-02-03 18:52:03,735 - aqt.updater - INFO - updater 45120 Patching C:\Qt\6.10.1\msvc2022_64\lib\Qt6QmlMetad.prl
2026-02-03 18:52:03,758 - aqt.updater - INFO - updater 45120 Patching C:\Qt\6.10.1\msvc2022_64\lib\Qt6QmlModels.prl
2026-02-03 18:52:03,767 - aqt.updater - INFO - updater 45120 Patching C:\Qt\6.10.1\msvc2022_64\lib\Qt6QmlModelsd.prl
2026-02-03 18:52:03,781 - aqt.updater - INFO - updater 45120 Patching C:\Qt\6.10.1\msvc2022_64\lib\Qt6QmlNetwork.prl
2026-02-03 18:52:03,800 - aqt.updater - INFO - updater 45120 Patching C:\Qt\6.10.1\msvc2022_64\lib\Qt6QmlNetworkd.prl
2026-02-03 18:52:03,825 - aqt.updater - INFO - updater 45120 Patching C:\Qt\6.10.1\msvc2022_64\lib\Qt6QmlToolingSettings.prl
2026-02-03 18:52:03,876 - aqt.updater - INFO - updater 45120 Patching C:\Qt\6.10.1\msvc2022_64\lib\Qt6QmlToolingSettingsd.prl
2026-02-03 18:52:03,894 - aqt.updater - INFO - updater 45120 Patching C:\Qt\6.10.1\msvc2022_64\lib\Qt6QmlTypeRegistrar.prl
2026-02-03 18:52:03,914 - aqt.updater - INFO - updater 45120 Patching C:\Qt\6.10.1\msvc2022_64\lib\Qt6QmlTypeRegistrard.prl
2026-02-03 18:52:03,933 - aqt.updater - INFO - updater 45120 Patching C:\Qt\6.10.1\msvc2022_64\lib\Qt6QmlWorkerScript.prl
2026-02-03 18:52:03,966 - aqt.updater - INFO - updater 45120 Patching C:\Qt\6.10.1\msvc2022_64\lib\Qt6QmlWorkerScriptd.prl
2026-02-03 18:52:03,997 - aqt.updater - INFO - updater 45120 Patching C:\Qt\6.10.1\msvc2022_64\lib\Qt6QmlXmlListModel.prl
2026-02-03 18:52:04,025 - aqt.updater - INFO - updater 45120 Patching C:\Qt\6.10.1\msvc2022_64\lib\Qt6QmlXmlListModeld.prl
2026-02-03 18:52:04,045 - aqt.updater - INFO - updater 45120 Patching C:\Qt\6.10.1\msvc2022_64\lib\Qt6Quick.prl
2026-02-03 18:52:04,063 - aqt.updater - INFO - updater 45120 Patching C:\Qt\6.10.1\msvc2022_64\lib\Qt6Quick3D.prl
2026-02-03 18:52:04,074 - aqt.updater - INFO - updater 45120 Patching C:\Qt\6.10.1\msvc2022_64\lib\Qt6Quick3DAssetImport.prl
2026-02-03 18:52:04,089 - aqt.updater - INFO - updater 45120 Patching C:\Qt\6.10.1\msvc2022_64\lib\Qt6Quick3DAssetImportd.prl
2026-02-03 18:52:04,104 - aqt.updater - INFO - updater 45120 Patching C:\Qt\6.10.1\msvc2022_64\lib\Qt6Quick3DAssetUtils.prl
2026-02-03 18:52:04,124 - aqt.updater - INFO - updater 45120 Patching C:\Qt\6.10.1\msvc2022_64\lib\Qt6Quick3DAssetUtilsd.prl
2026-02-03 18:52:04,148 - aqt.updater - INFO - updater 45120 Patching C:\Qt\6.10.1\msvc2022_64\lib\Qt6Quick3Dd.prl
2026-02-03 18:52:04,174 - aqt.updater - INFO - updater 45120 Patching C:\Qt\6.10.1\msvc2022_64\lib\Qt6Quick3DEffects.prl
2026-02-03 18:52:04,203 - aqt.updater - INFO - updater 45120 Patching C:\Qt\6.10.1\msvc2022_64\lib\Qt6Quick3DEffectsd.prl
2026-02-03 18:52:04,225 - aqt.updater - INFO - updater 45120 Patching C:\Qt\6.10.1\msvc2022_64\lib\Qt6Quick3DGlslParser.prl
2026-02-03 18:52:04,252 - aqt.updater - INFO - updater 45120 Patching C:\Qt\6.10.1\msvc2022_64\lib\Qt6Quick3DGlslParserd.prl
2026-02-03 18:52:04,277 - aqt.updater - INFO - updater 45120 Patching C:\Qt\6.10.1\msvc2022_64\lib\Qt6Quick3DHelpers.prl
2026-02-03 18:52:04,297 - aqt.updater - INFO - updater 45120 Patching C:\Qt\6.10.1\msvc2022_64\lib\Qt6Quick3DHelpersd.prl
2026-02-03 18:52:04,317 - aqt.updater - INFO - updater 45120 Patching C:\Qt\6.10.1\msvc2022_64\lib\Qt6Quick3DHelpersImpl.prl
2026-02-03 18:52:04,329 - aqt.updater - INFO - updater 45120 Patching C:\Qt\6.10.1\msvc2022_64\lib\Qt6Quick3DHelpersImpld.prl
2026-02-03 18:52:04,344 - aqt.updater - INFO - updater 45120 Patching C:\Qt\6.10.1\msvc2022_64\lib\Qt6Quick3DIblBaker.prl
2026-02-03 18:52:04,364 - aqt.updater - INFO - updater 45120 Patching C:\Qt\6.10.1\msvc2022_64\lib\Qt6Quick3DIblBakerd.prl
2026-02-03 18:52:04,381 - aqt.updater - INFO - updater 45120 Patching C:\Qt\6.10.1\msvc2022_64\lib\Qt6Quick3DParticleEffects.prl
2026-02-03 18:52:04,395 - aqt.updater - INFO - updater 45120 Patching C:\Qt\6.10.1\msvc2022_64\lib\Qt6Quick3DParticleEffectsd.prl
2026-02-03 18:52:04,409 - aqt.updater - INFO - updater 45120 Patching C:\Qt\6.10.1\msvc2022_64\lib\Qt6Quick3DParticles.prl
2026-02-03 18:52:04,424 - aqt.updater - INFO - updater 45120 Patching C:\Qt\6.10.1\msvc2022_64\lib\Qt6Quick3DParticlesd.prl
2026-02-03 18:52:04,438 - aqt.updater - INFO - updater 45120 Patching C:\Qt\6.10.1\msvc2022_64\lib\Qt6Quick3DRuntimeRender.prl
2026-02-03 18:52:04,465 - aqt.updater - INFO - updater 45120 Patching C:\Qt\6.10.1\msvc2022_64\lib\Qt6Quick3DRuntimeRenderd.prl
2026-02-03 18:52:04,484 - aqt.updater - INFO - updater 45120 Patching C:\Qt\6.10.1\msvc2022_64\lib\Qt6Quick3DSpatialAudio.prl
2026-02-03 18:52:04,509 - aqt.updater - INFO - updater 45120 Patching C:\Qt\6.10.1\msvc2022_64\lib\Qt6Quick3DSpatialAudiod.prl
2026-02-03 18:52:04,529 - aqt.updater - INFO - updater 45120 Patching C:\Qt\6.10.1\msvc2022_64\lib\Qt6Quick3DUtils.prl
2026-02-03 18:52:04,546 - aqt.updater - INFO - updater 45120 Patching C:\Qt\6.10.1\msvc2022_64\lib\Qt6Quick3DUtilsd.prl
2026-02-03 18:52:04,566 - aqt.updater - INFO - updater 45120 Patching C:\Qt\6.10.1\msvc2022_64\lib\Qt6Quick3DXr.prl
2026-02-03 18:52:04,582 - aqt.updater - INFO - updater 45120 Patching C:\Qt\6.10.1\msvc2022_64\lib\Qt6Quick3DXrd.prl
2026-02-03 18:52:04,597 - aqt.updater - INFO - updater 45120 Patching C:\Qt\6.10.1\msvc2022_64\lib\Qt6QuickControls2.prl
2026-02-03 18:52:04,612 - aqt.updater - INFO - updater 45120 Patching C:\Qt\6.10.1\msvc2022_64\lib\Qt6QuickControls2Basic.prl
2026-02-03 18:52:04,627 - aqt.updater - INFO - updater 45120 Patching C:\Qt\6.10.1\msvc2022_64\lib\Qt6QuickControls2Basicd.prl
2026-02-03 18:52:04,643 - aqt.updater - INFO - updater 45120 Patching C:\Qt\6.10.1\msvc2022_64\lib\Qt6QuickControls2BasicStyleImpl.prl
2026-02-03 18:52:04,656 - aqt.updater - INFO - updater 45120 Patching C:\Qt\6.10.1\msvc2022_64\lib\Qt6QuickControls2BasicStyleImpld.prl
2026-02-03 18:52:04,666 - aqt.updater - INFO - updater 45120 Patching C:\Qt\6.10.1\msvc2022_64\lib\Qt6QuickControls2d.prl
2026-02-03 18:52:04,688 - aqt.updater - INFO - updater 45120 Patching C:\Qt\6.10.1\msvc2022_64\lib\Qt6QuickControls2FluentWinUI3StyleImpl.prl
2026-02-03 18:52:04,702 - aqt.updater - INFO - updater 45120 Patching C:\Qt\6.10.1\msvc2022_64\lib\Qt6QuickControls2FluentWinUI3StyleImpld.prl
2026-02-03 18:52:04,716 - aqt.updater - INFO - updater 45120 Patching C:\Qt\6.10.1\msvc2022_64\lib\Qt6QuickControls2Fusion.prl
2026-02-03 18:52:04,731 - aqt.updater - INFO - updater 45120 Patching C:\Qt\6.10.1\msvc2022_64\lib\Qt6QuickControls2Fusiond.prl
2026-02-03 18:52:04,746 - aqt.updater - INFO - updater 45120 Patching C:\Qt\6.10.1\msvc2022_64\lib\Qt6QuickControls2FusionStyleImpl.prl
2026-02-03 18:52:04,759 - aqt.updater - INFO - updater 45120 Patching C:\Qt\6.10.1\msvc2022_64\lib\Qt6QuickControls2FusionStyleImpld.prl
2026-02-03 18:52:04,776 - aqt.updater - INFO - updater 45120 Patching C:\Qt\6.10.1\msvc2022_64\lib\Qt6QuickControls2Imagine.prl
2026-02-03 18:52:04,794 - aqt.updater - INFO - updater 45120 Patching C:\Qt\6.10.1\msvc2022_64\lib\Qt6QuickControls2Imagined.prl
2026-02-03 18:52:04,834 - aqt.updater - INFO - updater 45120 Patching C:\Qt\6.10.1\msvc2022_64\lib\Qt6QuickControls2ImagineStyleImpl.prl
2026-02-03 18:52:04,848 - aqt.updater - INFO - updater 45120 Patching C:\Qt\6.10.1\msvc2022_64\lib\Qt6QuickControls2ImagineStyleImpld.prl
2026-02-03 18:52:04,865 - aqt.updater - INFO - updater 45120 Patching C:\Qt\6.10.1\msvc2022_64\lib\Qt6QuickControls2Impl.prl
2026-02-03 18:52:04,880 - aqt.updater - INFO - updater 45120 Patching C:\Qt\6.10.1\msvc2022_64\lib\Qt6QuickControls2Impld.prl
2026-02-03 18:52:04,893 - aqt.updater - INFO - updater 45120 Patching C:\Qt\6.10.1\msvc2022_64\lib\Qt6QuickControls2Material.prl
2026-02-03 18:52:04,913 - aqt.updater - INFO - updater 45120 Patching C:\Qt\6.10.1\msvc2022_64\lib\Qt6QuickControls2Materiald.prl
2026-02-03 18:52:04,929 - aqt.updater - INFO - updater 45120 Patching C:\Qt\6.10.1\msvc2022_64\lib\Qt6QuickControls2MaterialStyleImpl.prl
2026-02-03 18:52:04,943 - aqt.updater - INFO - updater 45120 Patching C:\Qt\6.10.1\msvc2022_64\lib\Qt6QuickControls2MaterialStyleImpld.prl
2026-02-03 18:52:04,959 - aqt.updater - INFO - updater 45120 Patching C:\Qt\6.10.1\msvc2022_64\lib\Qt6QuickControls2Universal.prl
2026-02-03 18:52:04,978 - aqt.updater - INFO - updater 45120 Patching C:\Qt\6.10.1\msvc2022_64\lib\Qt6QuickControls2Universald.prl
2026-02-03 18:52:04,998 - aqt.updater - INFO - updater 45120 Patching C:\Qt\6.10.1\msvc2022_64\lib\Qt6QuickControls2UniversalStyleImpl.prl
2026-02-03 18:52:05,020 - aqt.updater - INFO - updater 45120 Patching C:\Qt\6.10.1\msvc2022_64\lib\Qt6QuickControls2UniversalStyleImpld.prl
2026-02-03 18:52:05,042 - aqt.updater - INFO - updater 45120 Patching C:\Qt\6.10.1\msvc2022_64\lib\Qt6QuickControls2WindowsStyleImpl.prl
2026-02-03 18:52:05,059 - aqt.updater - INFO - updater 45120 Patching C:\Qt\6.10.1\msvc2022_64\lib\Qt6QuickControls2WindowsStyleImpld.prl
2026-02-03 18:52:05,079 - aqt.updater - INFO - updater 45120 Patching C:\Qt\6.10.1\msvc2022_64\lib\Qt6QuickControlsTestUtils.prl
2026-02-03 18:52:05,101 - aqt.updater - INFO - updater 45120 Patching C:\Qt\6.10.1\msvc2022_64\lib\Qt6QuickControlsTestUtilsd.prl
2026-02-03 18:52:05,119 - aqt.updater - INFO - updater 45120 Patching C:\Qt\6.10.1\msvc2022_64\lib\Qt6Quickd.prl
2026-02-03 18:52:05,135 - aqt.updater - INFO - updater 45120 Patching C:\Qt\6.10.1\msvc2022_64\lib\Qt6QuickDialogs2.prl
2026-02-03 18:52:05,156 - aqt.updater - INFO - updater 45120 Patching C:\Qt\6.10.1\msvc2022_64\lib\Qt6QuickDialogs2d.prl
2026-02-03 18:52:05,178 - aqt.updater - INFO - updater 45120 Patching C:\Qt\6.10.1\msvc2022_64\lib\Qt6QuickDialogs2QuickImpl.prl
2026-02-03 18:52:05,199 - aqt.updater - INFO - updater 45120 Patching C:\Qt\6.10.1\msvc2022_64\lib\Qt6QuickDialogs2QuickImpld.prl
2026-02-03 18:52:05,218 - aqt.updater - INFO - updater 45120 Patching C:\Qt\6.10.1\msvc2022_64\lib\Qt6QuickDialogs2Utils.prl
2026-02-03 18:52:05,233 - aqt.updater - INFO - updater 45120 Patching C:\Qt\6.10.1\msvc2022_64\lib\Qt6QuickDialogs2Utilsd.prl
2026-02-03 18:52:05,247 - aqt.updater - INFO - updater 45120 Patching C:\Qt\6.10.1\msvc2022_64\lib\Qt6QuickEffects.prl
2026-02-03 18:52:05,260 - aqt.updater - INFO - updater 45120 Patching C:\Qt\6.10.1\msvc2022_64\lib\Qt6QuickEffectsd.prl
2026-02-03 18:52:05,274 - aqt.updater - INFO - updater 45120 Patching C:\Qt\6.10.1\msvc2022_64\lib\Qt6QuickLayouts.prl
2026-02-03 18:52:05,286 - aqt.updater - INFO - updater 45120 Patching C:\Qt\6.10.1\msvc2022_64\lib\Qt6QuickLayoutsd.prl
2026-02-03 18:52:05,303 - aqt.updater - INFO - updater 45120 Patching C:\Qt\6.10.1\msvc2022_64\lib\Qt6QuickParticles.prl
2026-02-03 18:52:05,317 - aqt.updater - INFO - updater 45120 Patching C:\Qt\6.10.1\msvc2022_64\lib\Qt6QuickParticlesd.prl
2026-02-03 18:52:05,335 - aqt.updater - INFO - updater 45120 Patching C:\Qt\6.10.1\msvc2022_64\lib\Qt6QuickShapes.prl
2026-02-03 18:52:05,352 - aqt.updater - INFO - updater 45120 Patching C:\Qt\6.10.1\msvc2022_64\lib\Qt6QuickShapesd.prl
2026-02-03 18:52:05,370 - aqt.updater - INFO - updater 45120 Patching C:\Qt\6.10.1\msvc2022_64\lib\Qt6QuickShapesDesignHelpers.prl
2026-02-03 18:52:05,383 - aqt.updater - INFO - updater 45120 Patching C:\Qt\6.10.1\msvc2022_64\lib\Qt6QuickShapesDesignHelpersd.prl
2026-02-03 18:52:05,396 - aqt.updater - INFO - updater 45120 Patching C:\Qt\6.10.1\msvc2022_64\lib\Qt6QuickTemplates2.prl
2026-02-03 18:52:05,411 - aqt.updater - INFO - updater 45120 Patching C:\Qt\6.10.1\msvc2022_64\lib\Qt6QuickTemplates2d.prl
2026-02-03 18:52:05,423 - aqt.updater - INFO - updater 45120 Patching C:\Qt\6.10.1\msvc2022_64\lib\Qt6QuickTest.prl
2026-02-03 18:52:05,439 - aqt.updater - INFO - updater 45120 Patching C:\Qt\6.10.1\msvc2022_64\lib\Qt6QuickTestd.prl
2026-02-03 18:52:05,452 - aqt.updater - INFO - updater 45120 Patching C:\Qt\6.10.1\msvc2022_64\lib\Qt6QuickTestUtils.prl
2026-02-03 18:52:05,474 - aqt.updater - INFO - updater 45120 Patching C:\Qt\6.10.1\msvc2022_64\lib\Qt6QuickTestUtilsd.prl
2026-02-03 18:52:05,495 - aqt.updater - INFO - updater 45120 Patching C:\Qt\6.10.1\msvc2022_64\lib\Qt6QuickTimeline.prl
2026-02-03 18:52:05,509 - aqt.updater - INFO - updater 45120 Patching C:\Qt\6.10.1\msvc2022_64\lib\Qt6QuickTimelineBlendTrees.prl
2026-02-03 18:52:05,522 - aqt.updater - INFO - updater 45120 Patching C:\Qt\6.10.1\msvc2022_64\lib\Qt6QuickTimelineBlendTreesd.prl
2026-02-03 18:52:05,535 - aqt.updater - INFO - updater 45120 Patching C:\Qt\6.10.1\msvc2022_64\lib\Qt6QuickTimelined.prl
2026-02-03 18:52:05,554 - aqt.updater - INFO - updater 45120 Patching C:\Qt\6.10.1\msvc2022_64\lib\Qt6QuickVectorImage.prl
2026-02-03 18:52:05,573 - aqt.updater - INFO - updater 45120 Patching C:\Qt\6.10.1\msvc2022_64\lib\Qt6QuickVectorImaged.prl
2026-02-03 18:52:05,598 - aqt.updater - INFO - updater 45120 Patching C:\Qt\6.10.1\msvc2022_64\lib\Qt6QuickVectorImageGenerator.prl
2026-02-03 18:52:05,621 - aqt.updater - INFO - updater 45120 Patching C:\Qt\6.10.1\msvc2022_64\lib\Qt6QuickVectorImageGeneratord.prl
2026-02-03 18:52:05,645 - aqt.updater - INFO - updater 45120 Patching C:\Qt\6.10.1\msvc2022_64\lib\Qt6QuickVectorImageHelpers.prl
2026-02-03 18:52:05,662 - aqt.updater - INFO - updater 45120 Patching C:\Qt\6.10.1\msvc2022_64\lib\Qt6QuickVectorImageHelpersd.prl
2026-02-03 18:52:05,680 - aqt.updater - INFO - updater 45120 Patching C:\Qt\6.10.1\msvc2022_64\lib\Qt6QuickWidgets.prl
2026-02-03 18:52:05,704 - aqt.updater - INFO - updater 45120 Patching C:\Qt\6.10.1\msvc2022_64\lib\Qt6QuickWidgetsd.prl
2026-02-03 18:52:05,721 - aqt.updater - INFO - updater 45120 Patching C:\Qt\6.10.1\msvc2022_64\lib\Qt6ShaderTools.prl
2026-02-03 18:52:05,739 - aqt.updater - INFO - updater 45120 Patching C:\Qt\6.10.1\msvc2022_64\lib\Qt6ShaderToolsd.prl
2026-02-03 18:52:05,752 - aqt.updater - INFO - updater 45120 Patching C:\Qt\6.10.1\msvc2022_64\lib\Qt6SpatialAudio.prl
2026-02-03 18:52:05,762 - aqt.updater - INFO - updater 45120 Patching C:\Qt\6.10.1\msvc2022_64\lib\Qt6SpatialAudiod.prl
2026-02-03 18:52:05,777 - aqt.updater - INFO - updater 45120 Patching C:\Qt\6.10.1\msvc2022_64\lib\Qt6Sql.prl
2026-02-03 18:52:05,790 - aqt.updater - INFO - updater 45120 Patching C:\Qt\6.10.1\msvc2022_64\lib\Qt6Sqld.prl
2026-02-03 18:52:05,806 - aqt.updater - INFO - updater 45120 Patching C:\Qt\6.10.1\msvc2022_64\lib\Qt6Svg.prl
2026-02-03 18:52:05,834 - aqt.updater - INFO - updater 45120 Patching C:\Qt\6.10.1\msvc2022_64\lib\Qt6Svgd.prl
2026-02-03 18:52:05,869 - aqt.updater - INFO - updater 45120 Patching C:\Qt\6.10.1\msvc2022_64\lib\Qt6SvgWidgets.prl
2026-02-03 18:52:05,889 - aqt.updater - INFO - updater 45120 Patching C:\Qt\6.10.1\msvc2022_64\lib\Qt6SvgWidgetsd.prl
2026-02-03 18:52:05,908 - aqt.updater - INFO - updater 45120 Patching C:\Qt\6.10.1\msvc2022_64\lib\Qt6Test.prl
2026-02-03 18:52:05,919 - aqt.updater - INFO - updater 45120 Patching C:\Qt\6.10.1\msvc2022_64\lib\Qt6Testd.prl
2026-02-03 18:52:05,936 - aqt.updater - INFO - updater 45120 Patching C:\Qt\6.10.1\msvc2022_64\lib\Qt6UiTools.prl
2026-02-03 18:52:05,954 - aqt.updater - INFO - updater 45120 Patching C:\Qt\6.10.1\msvc2022_64\lib\Qt6UiToolsd.prl
2026-02-03 18:52:05,970 - aqt.updater - INFO - updater 45120 Patching C:\Qt\6.10.1\msvc2022_64\lib\Qt6Widgets.prl
2026-02-03 18:52:05,988 - aqt.updater - INFO - updater 45120 Patching C:\Qt\6.10.1\msvc2022_64\lib\Qt6Widgetsd.prl
2026-02-03 18:52:06,011 - aqt.updater - INFO - updater 45120 Patching C:\Qt\6.10.1\msvc2022_64\lib\Qt6Xml.prl
2026-02-03 18:52:06,032 - aqt.updater - INFO - updater 45120 Patching C:\Qt\6.10.1\msvc2022_64\lib\Qt6Xmld.prl
2026-02-03 18:52:06,045 - aqt.main - INFO - installer 45120 Finished installation
2026-02-03 18:52:06,046 - aqt.main - INFO - installer 45120 Time elapsed: 53.24876410 second
2026-02-03 18:53:03,332 - aqt.main - INFO - installer 19788 aqtinstall(aqt) v3.3.0 on Python 3.11.3 [CPython MSC v.1934 64 bit (AMD64)]
2026-02-03 18:53:03,332 - aqt.helper - DEBUG - helper 19788 Attempt to download checksum at https://download.qt.io/online/qtsdkrepository/windows_x86/desktop/qt6_6101/qt6_6101/Updates.xml.sha256
2026-02-03 18:53:03,881 - aqt.helper - DEBUG - helper 19788 Attempt to download checksum at https://download.qt.io/online/qtsdkrepository/windows_x86/extensions/qtwebengine/6101/msvc2022_64/Updates.xml.sha256
2026-02-03 18:53:04,285 - aqt.archives - INFO - archives 19788 Found extension qtwebengine
2026-02-03 18:53:04,285 - aqt.helper - DEBUG - helper 19788 Attempt to download checksum at https://download.qt.io/online/qtsdkrepository/windows_x86/extensions/qtpdf/6101/msvc2022_64/Updates.xml.sha256
2026-02-03 18:53:04,704 - aqt.archives - INFO - archives 19788 Found extension qtpdf
2026-02-03 18:53:05,120 - aqt.helper - DEBUG - helper 46036 Attempt to download checksum at https://download.qt.io/online/qtsdkrepository/windows_x86/desktop/qt6_6101/qt6_6101/qt.qt6.6101.addons.qtimageformats.win64_msvc2022_64/6.10.1-0-202511161843qtimageformats-Windows-Windows_11_24H2-MSVC2022-Windows-Windows_11_24H2-X86_64.7z.sha256
2026-02-03 18:53:05,120 - aqt.helper - DEBUG - helper 45700 Attempt to download checksum at https://download.qt.io/online/qtsdkrepository/windows_x86/desktop/qt6_6101/qt6_6101/qt.qt6.6101.addons.qtmultimedia.win64_msvc2022_64/6.10.1-0-202511161843qtmultimedia-Windows-Windows_11_24H2-MSVC2022-Windows-Windows_11_24H2-X86_64.7z.sha256
2026-02-03 18:53:05,126 - aqt.helper - DEBUG - helper 20888 Attempt to download checksum at https://download.qt.io/online/qtsdkrepository/windows_x86/desktop/qt6_6101/qt6_6101/qt.qt6.6101.win64_msvc2022_64/6.10.1-0-202511161843qtbase-Windows-Windows_11_24H2-MSVC2022-Windows-Windows_11_24H2-X86_64.7z.sha256
2026-02-03 18:53:05,128 - aqt.helper - DEBUG - helper 7824 Attempt to download checksum at https://download.qt.io/online/qtsdkrepository/windows_x86/desktop/qt6_6101/qt6_6101/qt.qt6.6101.win64_msvc2022_64/6.10.1-0-202511161843qtsvg-Windows-Windows_11_24H2-MSVC2022-Windows-Windows_11_24H2-X86_64.7z.sha256
2026-02-03 18:53:05,320 - aqt.helper - INFO - helper 7824 Downloading qtsvg...
2026-02-03 18:53:05,320 - aqt.installer - DEBUG - installer 7824 Download URL: https://download.qt.io/online/qtsdkrepository/windows_x86/desktop/qt6_6101/qt6_6101/qt.qt6.6101.win64_msvc2022_64/6.10.1-0-202511161843qtsvg-Windows-Windows_11_24H2-MSVC2022-Windows-Windows_11_24H2-X86_64.7z
2026-02-03 18:53:05,331 - aqt.helper - INFO - helper 46036 Downloading qtimageformats...
2026-02-03 18:53:05,331 - aqt.installer - DEBUG - installer 46036 Download URL: https://download.qt.io/online/qtsdkrepository/windows_x86/desktop/qt6_6101/qt6_6101/qt.qt6.6101.addons.qtimageformats.win64_msvc2022_64/6.10.1-0-202511161843qtimageformats-Windows-Windows_11_24H2-MSVC2022-Windows-Windows_11_24H2-X86_64.7z
2026-02-03 18:53:05,336 - aqt.helper - INFO - helper 20888 Downloading qtbase...
2026-02-03 18:53:05,336 - aqt.installer - DEBUG - installer 20888 Download URL: https://download.qt.io/online/qtsdkrepository/windows_x86/desktop/qt6_6101/qt6_6101/qt.qt6.6101.win64_msvc2022_64/6.10.1-0-202511161843qtbase-Windows-Windows_11_24H2-MSVC2022-Windows-Windows_11_24H2-X86_64.7z
2026-02-03 18:53:05,336 - aqt.helper - INFO - helper 45700 Downloading qtmultimedia...
2026-02-03 18:53:05,336 - aqt.installer - DEBUG - installer 45700 Download URL: https://download.qt.io/online/qtsdkrepository/windows_x86/desktop/qt6_6101/qt6_6101/qt.qt6.6101.addons.qtmultimedia.win64_msvc2022_64/6.10.1-0-202511161843qtmultimedia-Windows-Windows_11_24H2-MSVC2022-Windows-Windows_11_24H2-X86_64.7z
2026-02-03 18:53:05,513 - aqt.helper - DEBUG - helper 45700 Asked to redirect(302) to: https://mirrors.ukfast.co.uk/sites/qt.io/online/qtsdkrepository/windows_x86/desktop/qt6_6101/qt6_6101/qt.qt6.6101.addons.qtmultimedia.win64_msvc2022_64/6.10.1-0-202511161843qtmultimedia-Windows-Windows_11_24H2-MSVC2022-Windows-Windows_11_24H2-X86_64.7z
2026-02-03 18:53:05,513 - aqt.helper - INFO - helper 45700 Redirected: mirrors.ukfast.co.uk
2026-02-03 18:53:05,532 - aqt.helper - DEBUG - helper 7824 Asked to redirect(302) to: https://mirrors.ukfast.co.uk/sites/qt.io/online/qtsdkrepository/windows_x86/desktop/qt6_6101/qt6_6101/qt.qt6.6101.win64_msvc2022_64/6.10.1-0-202511161843qtsvg-Windows-Windows_11_24H2-MSVC2022-Windows-Windows_11_24H2-X86_64.7z
2026-02-03 18:53:05,532 - aqt.helper - INFO - helper 7824 Redirected: mirrors.ukfast.co.uk
2026-02-03 18:53:05,564 - aqt.helper - DEBUG - helper 46036 Asked to redirect(302) to: https://mirrors.ukfast.co.uk/sites/qt.io/online/qtsdkrepository/windows_x86/desktop/qt6_6101/qt6_6101/qt.qt6.6101.addons.qtimageformats.win64_msvc2022_64/6.10.1-0-202511161843qtimageformats-Windows-Windows_11_24H2-MSVC2022-Windows-Windows_11_24H2-X86_64.7z
2026-02-03 18:53:05,564 - aqt.helper - INFO - helper 46036 Redirected: mirrors.ukfast.co.uk
2026-02-03 18:53:05,575 - aqt.helper - DEBUG - helper 20888 Asked to redirect(302) to: https://mirrors.ukfast.co.uk/sites/qt.io/online/qtsdkrepository/windows_x86/desktop/qt6_6101/qt6_6101/qt.qt6.6101.win64_msvc2022_64/6.10.1-0-202511161843qtbase-Windows-Windows_11_24H2-MSVC2022-Windows-Windows_11_24H2-X86_64.7z
2026-02-03 18:53:05,575 - aqt.helper - INFO - helper 20888 Redirected: mirrors.ukfast.co.uk
2026-02-03 18:53:05,826 - aqt.installer - INFO - installer 7824 Finished installation of qtsvg-Windows-Windows_11_24H2-MSVC2022-Windows-Windows_11_24H2-X86_64.7z in 0.69840560
2026-02-03 18:53:05,834 - aqt.helper - DEBUG - helper 7824 Attempt to download checksum at https://download.qt.io/online/qtsdkrepository/windows_x86/desktop/qt6_6101/qt6_6101/qt.qt6.6101.win64_msvc2022_64/6.10.1-0-202511161843qtdeclarative-Windows-Windows_11_24H2-MSVC2022-Windows-Windows_11_24H2-X86_64.7z.sha256
2026-02-03 18:53:05,891 - aqt.installer - INFO - installer 46036 Finished installation of qtimageformats-Windows-Windows_11_24H2-MSVC2022-Windows-Windows_11_24H2-X86_64.7z in 0.77300030
2026-02-03 18:53:05,901 - aqt.helper - DEBUG - helper 46036 Attempt to download checksum at https://download.qt.io/online/qtsdkrepository/windows_x86/desktop/qt6_6101/qt6_6101/qt.qt6.6101.win64_msvc2022_64/6.10.1-0-202511161843qttools-Windows-Windows_11_24H2-MSVC2022-Windows-Windows_11_24H2-X86_64.7z.sha256
2026-02-03 18:53:06,053 - aqt.helper - INFO - helper 7824 Downloading qtdeclarative...
2026-02-03 18:53:06,053 - aqt.installer - DEBUG - installer 7824 Download URL: https://download.qt.io/online/qtsdkrepository/windows_x86/desktop/qt6_6101/qt6_6101/qt.qt6.6101.win64_msvc2022_64/6.10.1-0-202511161843qtdeclarative-Windows-Windows_11_24H2-MSVC2022-Windows-Windows_11_24H2-X86_64.7z
2026-02-03 18:53:06,106 - aqt.helper - INFO - helper 46036 Downloading qttools...
2026-02-03 18:53:06,106 - aqt.installer - DEBUG - installer 46036 Download URL: https://download.qt.io/online/qtsdkrepository/windows_x86/desktop/qt6_6101/qt6_6101/qt.qt6.6101.win64_msvc2022_64/6.10.1-0-202511161843qttools-Windows-Windows_11_24H2-MSVC2022-Windows-Windows_11_24H2-X86_64.7z
2026-02-03 18:53:06,272 - aqt.helper - DEBUG - helper 7824 Asked to redirect(302) to: https://mirrors.ukfast.co.uk/sites/qt.io/online/qtsdkrepository/windows_x86/desktop/qt6_6101/qt6_6101/qt.qt6.6101.win64_msvc2022_64/6.10.1-0-202511161843qtdeclarative-Windows-Windows_11_24H2-MSVC2022-Windows-Windows_11_24H2-X86_64.7z
2026-02-03 18:53:06,272 - aqt.helper - INFO - helper 7824 Redirected: mirrors.ukfast.co.uk
2026-02-03 18:53:06,340 - aqt.helper - DEBUG - helper 46036 Asked to redirect(302) to: https://mirrors.ukfast.co.uk/sites/qt.io/online/qtsdkrepository/windows_x86/desktop/qt6_6101/qt6_6101/qt.qt6.6101.win64_msvc2022_64/6.10.1-0-202511161843qttools-Windows-Windows_11_24H2-MSVC2022-Windows-Windows_11_24H2-X86_64.7z
2026-02-03 18:53:06,340 - aqt.helper - INFO - helper 46036 Redirected: mirrors.ukfast.co.uk
2026-02-03 18:53:10,790 - aqt.installer - INFO - installer 46036 Finished installation of qttools-Windows-Windows_11_24H2-MSVC2022-Windows-Windows_11_24H2-X86_64.7z in 4.88953140
2026-02-03 18:53:10,810 - aqt.helper - DEBUG - helper 46036 Attempt to download checksum at https://download.qt.io/online/qtsdkrepository/windows_x86/desktop/qt6_6101/qt6_6101/qt.qt6.6101.win64_msvc2022_64/6.10.1-0-202511161843qttranslations-Windows-Windows_11_24H2-MSVC2022-Windows-Windows_11_24H2-X86_64.7z.sha256
2026-02-03 18:53:11,013 - aqt.helper - INFO - helper 46036 Downloading qttranslations...
2026-02-03 18:53:11,013 - aqt.installer - DEBUG - installer 46036 Download URL: https://download.qt.io/online/qtsdkrepository/windows_x86/desktop/qt6_6101/qt6_6101/qt.qt6.6101.win64_msvc2022_64/6.10.1-0-202511161843qttranslations-Windows-Windows_11_24H2-MSVC2022-Windows-Windows_11_24H2-X86_64.7z
2026-02-03 18:53:11,239 - aqt.helper - DEBUG - helper 46036 Asked to redirect(302) to: https://mirrors.ukfast.co.uk/sites/qt.io/online/qtsdkrepository/windows_x86/desktop/qt6_6101/qt6_6101/qt.qt6.6101.win64_msvc2022_64/6.10.1-0-202511161843qttranslations-Windows-Windows_11_24H2-MSVC2022-Windows-Windows_11_24H2-X86_64.7z
2026-02-03 18:53:11,239 - aqt.helper - INFO - helper 46036 Redirected: mirrors.ukfast.co.uk
2026-02-03 18:53:11,763 - aqt.installer - INFO - installer 45700 Finished installation of qtmultimedia-Windows-Windows_11_24H2-MSVC2022-Windows-Windows_11_24H2-X86_64.7z in 6.64264090
2026-02-03 18:53:11,789 - aqt.helper - DEBUG - helper 45700 Attempt to download checksum at https://download.qt.io/online/qtsdkrepository/windows_x86/desktop/qt6_6101/qt6_6101/qt.qt6.6101.win64_msvc2022_64/6.10.1-0-202511161843d3dcompiler_47-x64.7z.sha256
2026-02-03 18:53:11,993 - aqt.helper - INFO - helper 45700 Downloading d3dcompiler_47...
2026-02-03 18:53:11,994 - aqt.installer - DEBUG - installer 45700 Download URL: https://download.qt.io/online/qtsdkrepository/windows_x86/desktop/qt6_6101/qt6_6101/qt.qt6.6101.win64_msvc2022_64/6.10.1-0-202511161843d3dcompiler_47-x64.7z
2026-02-03 18:53:12,173 - aqt.installer - INFO - installer 46036 Finished installation of qttranslations-Windows-Windows_11_24H2-MSVC2022-Windows-Windows_11_24H2-X86_64.7z in 1.36479000
2026-02-03 18:53:12,195 - aqt.helper - DEBUG - helper 45700 Asked to redirect(302) to: https://mirrors.ukfast.co.uk/sites/qt.io/online/qtsdkrepository/windows_x86/desktop/qt6_6101/qt6_6101/qt.qt6.6101.win64_msvc2022_64/6.10.1-0-202511161843d3dcompiler_47-x64.7z
2026-02-03 18:53:12,196 - aqt.helper - INFO - helper 45700 Redirected: mirrors.ukfast.co.uk
2026-02-03 18:53:12,200 - aqt.helper - DEBUG - helper 46036 Attempt to download checksum at https://download.qt.io/online/qtsdkrepository/windows_x86/desktop/qt6_6101/qt6_6101/qt.qt6.6101.win64_msvc2022_64/6.10.1-0-202511161843opengl32sw-64-mesa_11_2_2-signed_sha256.7z.sha256
2026-02-03 18:53:12,397 - aqt.helper - INFO - helper 46036 Downloading opengl32sw...
2026-02-03 18:53:12,397 - aqt.installer - DEBUG - installer 46036 Download URL: https://download.qt.io/online/qtsdkrepository/windows_x86/desktop/qt6_6101/qt6_6101/qt.qt6.6101.win64_msvc2022_64/6.10.1-0-202511161843opengl32sw-64-mesa_11_2_2-signed_sha256.7z
2026-02-03 18:53:12,570 - aqt.installer - INFO - installer 45700 Finished installation of d3dcompiler_47-x64.7z in 0.78650170
2026-02-03 18:53:12,589 - aqt.helper - DEBUG - helper 46036 Asked to redirect(302) to: https://mirrors.ukfast.co.uk/sites/qt.io/online/qtsdkrepository/windows_x86/desktop/qt6_6101/qt6_6101/qt.qt6.6101.win64_msvc2022_64/6.10.1-0-202511161843opengl32sw-64-mesa_11_2_2-signed_sha256.7z
2026-02-03 18:53:12,590 - aqt.helper - INFO - helper 46036 Redirected: mirrors.ukfast.co.uk
2026-02-03 18:53:13,588 - aqt.installer - INFO - installer 46036 Finished installation of opengl32sw-64-mesa_11_2_2-signed_sha256.7z in 1.39236110
2026-02-03 18:53:22,505 - aqt.installer - INFO - installer 20888 Finished installation of qtbase-Windows-Windows_11_24H2-MSVC2022-Windows-Windows_11_24H2-X86_64.7z in 17.37765040
2026-02-03 18:53:58,302 - aqt.installer - INFO - installer 7824 Finished installation of qtdeclarative-Windows-Windows_11_24H2-MSVC2022-Windows-Windows_11_24H2-X86_64.7z in 52.45956080
2026-02-03 18:53:58,650 - aqt.updater - INFO - updater 19788 Patching C:\Qt\6.10.1\msvc2022_64\bin\qmake.exe
2026-02-03 18:53:58,661 - aqt.updater - INFO - updater 19788 Patching C:\Qt\6.10.1\msvc2022_64\lib\Qt6Charts.prl
2026-02-03 18:53:58,681 - aqt.updater - INFO - updater 19788 Patching C:\Qt\6.10.1\msvc2022_64\lib\Qt6Chartsd.prl
2026-02-03 18:53:58,702 - aqt.updater - INFO - updater 19788 Patching C:\Qt\6.10.1\msvc2022_64\lib\Qt6ChartsQml.prl
2026-02-03 18:53:58,721 - aqt.updater - INFO - updater 19788 Patching C:\Qt\6.10.1\msvc2022_64\lib\Qt6ChartsQmld.prl
2026-02-03 18:53:58,743 - aqt.updater - INFO - updater 19788 Patching C:\Qt\6.10.1\msvc2022_64\lib\Qt6Concurrent.prl
2026-02-03 18:53:58,747 - aqt.updater - INFO - updater 19788 Patching C:\Qt\6.10.1\msvc2022_64\lib\Qt6Concurrentd.prl
2026-02-03 18:53:58,749 - aqt.updater - INFO - updater 19788 Patching C:\Qt\6.10.1\msvc2022_64\lib\Qt6Core.prl
2026-02-03 18:53:58,752 - aqt.updater - INFO - updater 19788 Patching C:\Qt\6.10.1\msvc2022_64\lib\Qt6Cored.prl
2026-02-03 18:53:58,757 - aqt.updater - INFO - updater 19788 Patching C:\Qt\6.10.1\msvc2022_64\lib\Qt6DBus.prl
2026-02-03 18:53:58,761 - aqt.updater - INFO - updater 19788 Patching C:\Qt\6.10.1\msvc2022_64\lib\Qt6DBusd.prl
2026-02-03 18:53:58,762 - aqt.updater - INFO - updater 19788 Patching C:\Qt\6.10.1\msvc2022_64\lib\Qt6Designer.prl
2026-02-03 18:53:58,780 - aqt.updater - INFO - updater 19788 Patching C:\Qt\6.10.1\msvc2022_64\lib\Qt6DesignerComponents.prl
2026-02-03 18:53:58,786 - aqt.updater - INFO - updater 19788 Patching C:\Qt\6.10.1\msvc2022_64\lib\Qt6DesignerComponentsd.prl
2026-02-03 18:53:58,791 - aqt.updater - INFO - updater 19788 Patching C:\Qt\6.10.1\msvc2022_64\lib\Qt6Designerd.prl
2026-02-03 18:53:58,796 - aqt.updater - INFO - updater 19788 Patching C:\Qt\6.10.1\msvc2022_64\lib\Qt6DeviceDiscoverySupport.prl
2026-02-03 18:53:58,802 - aqt.updater - INFO - updater 19788 Patching C:\Qt\6.10.1\msvc2022_64\lib\Qt6DeviceDiscoverySupportd.prl
2026-02-03 18:53:58,807 - aqt.updater - INFO - updater 19788 Patching C:\Qt\6.10.1\msvc2022_64\lib\Qt6EntryPoint.prl
2026-02-03 18:53:58,827 - aqt.updater - INFO - updater 19788 Patching C:\Qt\6.10.1\msvc2022_64\lib\Qt6EntryPointd.prl
2026-02-03 18:53:58,832 - aqt.updater - INFO - updater 19788 Patching C:\Qt\6.10.1\msvc2022_64\lib\Qt6ExampleIcons.prl
2026-02-03 18:53:58,835 - aqt.updater - INFO - updater 19788 Patching C:\Qt\6.10.1\msvc2022_64\lib\Qt6ExampleIconsd.prl
2026-02-03 18:53:58,837 - aqt.updater - INFO - updater 19788 Patching C:\Qt\6.10.1\msvc2022_64\lib\Qt6ExamplesAssetDownloader.prl
2026-02-03 18:53:58,842 - aqt.updater - INFO - updater 19788 Patching C:\Qt\6.10.1\msvc2022_64\lib\Qt6ExamplesAssetDownloaderd.prl
2026-02-03 18:53:58,846 - aqt.updater - INFO - updater 19788 Patching C:\Qt\6.10.1\msvc2022_64\lib\Qt6FbSupport.prl
2026-02-03 18:53:58,852 - aqt.updater - INFO - updater 19788 Patching C:\Qt\6.10.1\msvc2022_64\lib\Qt6FbSupportd.prl
2026-02-03 18:53:58,857 - aqt.updater - INFO - updater 19788 Patching C:\Qt\6.10.1\msvc2022_64\lib\Qt6FFmpegMediaPluginImpl.prl
2026-02-03 18:53:58,862 - aqt.updater - INFO - updater 19788 Patching C:\Qt\6.10.1\msvc2022_64\lib\Qt6FFmpegMediaPluginImpld.prl
2026-02-03 18:53:58,867 - aqt.updater - INFO - updater 19788 Patching C:\Qt\6.10.1\msvc2022_64\lib\Qt6Gui.prl
2026-02-03 18:53:58,885 - aqt.updater - INFO - updater 19788 Patching C:\Qt\6.10.1\msvc2022_64\lib\Qt6Guid.prl
2026-02-03 18:53:58,887 - aqt.updater - INFO - updater 19788 Patching C:\Qt\6.10.1\msvc2022_64\lib\Qt6Help.prl
2026-02-03 18:53:58,889 - aqt.updater - INFO - updater 19788 Patching C:\Qt\6.10.1\msvc2022_64\lib\Qt6Helpd.prl
2026-02-03 18:53:58,891 - aqt.updater - INFO - updater 19788 Patching C:\Qt\6.10.1\msvc2022_64\lib\Qt6LabsAnimation.prl
2026-02-03 18:53:58,893 - aqt.updater - INFO - updater 19788 Patching C:\Qt\6.10.1\msvc2022_64\lib\Qt6LabsAnimationd.prl
2026-02-03 18:53:58,896 - aqt.updater - INFO - updater 19788 Patching C:\Qt\6.10.1\msvc2022_64\lib\Qt6LabsFolderListModel.prl
2026-02-03 18:53:58,898 - aqt.updater - INFO - updater 19788 Patching C:\Qt\6.10.1\msvc2022_64\lib\Qt6LabsFolderListModeld.prl
2026-02-03 18:53:58,900 - aqt.updater - INFO - updater 19788 Patching C:\Qt\6.10.1\msvc2022_64\lib\Qt6LabsPlatform.prl
2026-02-03 18:53:58,901 - aqt.updater - INFO - updater 19788 Patching C:\Qt\6.10.1\msvc2022_64\lib\Qt6LabsPlatformd.prl
2026-02-03 18:53:58,903 - aqt.updater - INFO - updater 19788 Patching C:\Qt\6.10.1\msvc2022_64\lib\Qt6LabsQmlModels.prl
2026-02-03 18:53:58,904 - aqt.updater - INFO - updater 19788 Patching C:\Qt\6.10.1\msvc2022_64\lib\Qt6LabsQmlModelsd.prl
2026-02-03 18:53:58,906 - aqt.updater - INFO - updater 19788 Patching C:\Qt\6.10.1\msvc2022_64\lib\Qt6LabsSettings.prl
2026-02-03 18:53:58,908 - aqt.updater - INFO - updater 19788 Patching C:\Qt\6.10.1\msvc2022_64\lib\Qt6LabsSettingsd.prl
2026-02-03 18:53:58,909 - aqt.updater - INFO - updater 19788 Patching C:\Qt\6.10.1\msvc2022_64\lib\Qt6LabsSharedImage.prl
2026-02-03 18:53:58,911 - aqt.updater - INFO - updater 19788 Patching C:\Qt\6.10.1\msvc2022_64\lib\Qt6LabsSharedImaged.prl
2026-02-03 18:53:58,914 - aqt.updater - INFO - updater 19788 Patching C:\Qt\6.10.1\msvc2022_64\lib\Qt6LabsSynchronizer.prl
2026-02-03 18:53:58,916 - aqt.updater - INFO - updater 19788 Patching C:\Qt\6.10.1\msvc2022_64\lib\Qt6LabsSynchronizerd.prl
2026-02-03 18:53:58,919 - aqt.updater - INFO - updater 19788 Patching C:\Qt\6.10.1\msvc2022_64\lib\Qt6LabsWavefrontMesh.prl
2026-02-03 18:53:58,920 - aqt.updater - INFO - updater 19788 Patching C:\Qt\6.10.1\msvc2022_64\lib\Qt6LabsWavefrontMeshd.prl
2026-02-03 18:53:58,922 - aqt.updater - INFO - updater 19788 Patching C:\Qt\6.10.1\msvc2022_64\lib\Qt6Multimedia.prl
2026-02-03 18:53:58,925 - aqt.updater - INFO - updater 19788 Patching C:\Qt\6.10.1\msvc2022_64\lib\Qt6Multimediad.prl
2026-02-03 18:53:58,929 - aqt.updater - INFO - updater 19788 Patching C:\Qt\6.10.1\msvc2022_64\lib\Qt6MultimediaQuick.prl
2026-02-03 18:53:58,931 - aqt.updater - INFO - updater 19788 Patching C:\Qt\6.10.1\msvc2022_64\lib\Qt6MultimediaQuickd.prl
2026-02-03 18:53:58,932 - aqt.updater - INFO - updater 19788 Patching C:\Qt\6.10.1\msvc2022_64\lib\Qt6MultimediaTestLib.prl
2026-02-03 18:53:58,934 - aqt.updater - INFO - updater 19788 Patching C:\Qt\6.10.1\msvc2022_64\lib\Qt6MultimediaTestLibd.prl
2026-02-03 18:53:58,936 - aqt.updater - INFO - updater 19788 Patching C:\Qt\6.10.1\msvc2022_64\lib\Qt6MultimediaWidgets.prl
2026-02-03 18:53:58,938 - aqt.updater - INFO - updater 19788 Patching C:\Qt\6.10.1\msvc2022_64\lib\Qt6MultimediaWidgetsd.prl
2026-02-03 18:53:58,941 - aqt.updater - INFO - updater 19788 Patching C:\Qt\6.10.1\msvc2022_64\lib\Qt6Network.prl
2026-02-03 18:53:58,943 - aqt.updater - INFO - updater 19788 Patching C:\Qt\6.10.1\msvc2022_64\lib\Qt6Networkd.prl
2026-02-03 18:53:58,946 - aqt.updater - INFO - updater 19788 Patching C:\Qt\6.10.1\msvc2022_64\lib\Qt6OpenGL.prl
2026-02-03 18:53:58,950 - aqt.updater - INFO - updater 19788 Patching C:\Qt\6.10.1\msvc2022_64\lib\Qt6OpenGLd.prl
2026-02-03 18:53:58,952 - aqt.updater - INFO - updater 19788 Patching C:\Qt\6.10.1\msvc2022_64\lib\Qt6OpenGLWidgets.prl
2026-02-03 18:53:58,968 - aqt.updater - INFO - updater 19788 Patching C:\Qt\6.10.1\msvc2022_64\lib\Qt6OpenGLWidgetsd.prl
2026-02-03 18:53:58,970 - aqt.updater - INFO - updater 19788 Patching C:\Qt\6.10.1\msvc2022_64\lib\Qt6PacketProtocol.prl
2026-02-03 18:53:58,988 - aqt.updater - INFO - updater 19788 Patching C:\Qt\6.10.1\msvc2022_64\lib\Qt6PacketProtocold.prl
2026-02-03 18:53:58,990 - aqt.updater - INFO - updater 19788 Patching C:\Qt\6.10.1\msvc2022_64\lib\Qt6PrintSupport.prl
2026-02-03 18:53:58,992 - aqt.updater - INFO - updater 19788 Patching C:\Qt\6.10.1\msvc2022_64\lib\Qt6PrintSupportd.prl
2026-02-03 18:53:58,995 - aqt.updater - INFO - updater 19788 Patching C:\Qt\6.10.1\msvc2022_64\lib\Qt6Qml.prl
2026-02-03 18:53:58,998 - aqt.updater - INFO - updater 19788 Patching C:\Qt\6.10.1\msvc2022_64\lib\Qt6QmlAssetDownloader.prl
2026-02-03 18:53:59,001 - aqt.updater - INFO - updater 19788 Patching C:\Qt\6.10.1\msvc2022_64\lib\Qt6QmlAssetDownloaderd.prl
2026-02-03 18:53:59,004 - aqt.updater - INFO - updater 19788 Patching C:\Qt\6.10.1\msvc2022_64\lib\Qt6QmlCompiler.prl
2026-02-03 18:53:59,008 - aqt.updater - INFO - updater 19788 Patching C:\Qt\6.10.1\msvc2022_64\lib\Qt6QmlCompilerd.prl
2026-02-03 18:53:59,012 - aqt.updater - INFO - updater 19788 Patching C:\Qt\6.10.1\msvc2022_64\lib\Qt6QmlCore.prl
2026-02-03 18:53:59,016 - aqt.updater - INFO - updater 19788 Patching C:\Qt\6.10.1\msvc2022_64\lib\Qt6QmlCored.prl
2026-02-03 18:53:59,022 - aqt.updater - INFO - updater 19788 Patching C:\Qt\6.10.1\msvc2022_64\lib\Qt6Qmld.prl
2026-02-03 18:53:59,024 - aqt.updater - INFO - updater 19788 Patching C:\Qt\6.10.1\msvc2022_64\lib\Qt6QmlDebug.prl
2026-02-03 18:53:59,026 - aqt.updater - INFO - updater 19788 Patching C:\Qt\6.10.1\msvc2022_64\lib\Qt6QmlDebugd.prl
2026-02-03 18:53:59,028 - aqt.updater - INFO - updater 19788 Patching C:\Qt\6.10.1\msvc2022_64\lib\Qt6QmlDom.prl
2026-02-03 18:53:59,044 - aqt.updater - INFO - updater 19788 Patching C:\Qt\6.10.1\msvc2022_64\lib\Qt6QmlDomd.prl
2026-02-03 18:53:59,048 - aqt.updater - INFO - updater 19788 Patching C:\Qt\6.10.1\msvc2022_64\lib\Qt6QmlFormat.prl
2026-02-03 18:53:59,054 - aqt.updater - INFO - updater 19788 Patching C:\Qt\6.10.1\msvc2022_64\lib\Qt6QmlFormatd.prl
2026-02-03 18:53:59,063 - aqt.updater - INFO - updater 19788 Patching C:\Qt\6.10.1\msvc2022_64\lib\Qt6QmlLocalStorage.prl
2026-02-03 18:53:59,074 - aqt.updater - INFO - updater 19788 Patching C:\Qt\6.10.1\msvc2022_64\lib\Qt6QmlLocalStoraged.prl
2026-02-03 18:53:59,085 - aqt.updater - INFO - updater 19788 Patching C:\Qt\6.10.1\msvc2022_64\lib\Qt6QmlLS.prl
2026-02-03 18:53:59,091 - aqt.updater - INFO - updater 19788 Patching C:\Qt\6.10.1\msvc2022_64\lib\Qt6QmlLSd.prl
2026-02-03 18:53:59,095 - aqt.updater - INFO - updater 19788 Patching C:\Qt\6.10.1\msvc2022_64\lib\Qt6QmlMeta.prl
2026-02-03 18:53:59,101 - aqt.updater - INFO - updater 19788 Patching C:\Qt\6.10.1\msvc2022_64\lib\Qt6QmlMetad.prl
2026-02-03 18:53:59,104 - aqt.updater - INFO - updater 19788 Patching C:\Qt\6.10.1\msvc2022_64\lib\Qt6QmlModels.prl
2026-02-03 18:53:59,108 - aqt.updater - INFO - updater 19788 Patching C:\Qt\6.10.1\msvc2022_64\lib\Qt6QmlModelsd.prl
2026-02-03 18:53:59,115 - aqt.updater - INFO - updater 19788 Patching C:\Qt\6.10.1\msvc2022_64\lib\Qt6QmlNetwork.prl
2026-02-03 18:53:59,122 - aqt.updater - INFO - updater 19788 Patching C:\Qt\6.10.1\msvc2022_64\lib\Qt6QmlNetworkd.prl
2026-02-03 18:53:59,128 - aqt.updater - INFO - updater 19788 Patching C:\Qt\6.10.1\msvc2022_64\lib\Qt6QmlToolingSettings.prl
2026-02-03 18:53:59,133 - aqt.updater - INFO - updater 19788 Patching C:\Qt\6.10.1\msvc2022_64\lib\Qt6QmlToolingSettingsd.prl
2026-02-03 18:53:59,136 - aqt.updater - INFO - updater 19788 Patching C:\Qt\6.10.1\msvc2022_64\lib\Qt6QmlTypeRegistrar.prl
2026-02-03 18:53:59,139 - aqt.updater - INFO - updater 19788 Patching C:\Qt\6.10.1\msvc2022_64\lib\Qt6QmlTypeRegistrard.prl
2026-02-03 18:53:59,149 - aqt.updater - INFO - updater 19788 Patching C:\Qt\6.10.1\msvc2022_64\lib\Qt6QmlWorkerScript.prl
2026-02-03 18:53:59,153 - aqt.updater - INFO - updater 19788 Patching C:\Qt\6.10.1\msvc2022_64\lib\Qt6QmlWorkerScriptd.prl
2026-02-03 18:53:59,171 - aqt.updater - INFO - updater 19788 Patching C:\Qt\6.10.1\msvc2022_64\lib\Qt6QmlXmlListModel.prl
2026-02-03 18:53:59,173 - aqt.updater - INFO - updater 19788 Patching C:\Qt\6.10.1\msvc2022_64\lib\Qt6QmlXmlListModeld.prl
2026-02-03 18:53:59,175 - aqt.updater - INFO - updater 19788 Patching C:\Qt\6.10.1\msvc2022_64\lib\Qt6Quick.prl
2026-02-03 18:53:59,177 - aqt.updater - INFO - updater 19788 Patching C:\Qt\6.10.1\msvc2022_64\lib\Qt6Quick3D.prl
2026-02-03 18:53:59,188 - aqt.updater - INFO - updater 19788 Patching C:\Qt\6.10.1\msvc2022_64\lib\Qt6Quick3DAssetImport.prl
2026-02-03 18:53:59,202 - aqt.updater - INFO - updater 19788 Patching C:\Qt\6.10.1\msvc2022_64\lib\Qt6Quick3DAssetImportd.prl
2026-02-03 18:53:59,217 - aqt.updater - INFO - updater 19788 Patching C:\Qt\6.10.1\msvc2022_64\lib\Qt6Quick3DAssetUtils.prl
2026-02-03 18:53:59,231 - aqt.updater - INFO - updater 19788 Patching C:\Qt\6.10.1\msvc2022_64\lib\Qt6Quick3DAssetUtilsd.prl
2026-02-03 18:53:59,248 - aqt.updater - INFO - updater 19788 Patching C:\Qt\6.10.1\msvc2022_64\lib\Qt6Quick3Dd.prl
2026-02-03 18:53:59,270 - aqt.updater - INFO - updater 19788 Patching C:\Qt\6.10.1\msvc2022_64\lib\Qt6Quick3DEffects.prl
2026-02-03 18:53:59,295 - aqt.updater - INFO - updater 19788 Patching C:\Qt\6.10.1\msvc2022_64\lib\Qt6Quick3DEffectsd.prl
2026-02-03 18:53:59,315 - aqt.updater - INFO - updater 19788 Patching C:\Qt\6.10.1\msvc2022_64\lib\Qt6Quick3DGlslParser.prl
2026-02-03 18:53:59,339 - aqt.updater - INFO - updater 19788 Patching C:\Qt\6.10.1\msvc2022_64\lib\Qt6Quick3DGlslParserd.prl
2026-02-03 18:53:59,358 - aqt.updater - INFO - updater 19788 Patching C:\Qt\6.10.1\msvc2022_64\lib\Qt6Quick3DHelpers.prl
2026-02-03 18:53:59,374 - aqt.updater - INFO - updater 19788 Patching C:\Qt\6.10.1\msvc2022_64\lib\Qt6Quick3DHelpersd.prl
2026-02-03 18:53:59,397 - aqt.updater - INFO - updater 19788 Patching C:\Qt\6.10.1\msvc2022_64\lib\Qt6Quick3DHelpersImpl.prl
2026-02-03 18:53:59,418 - aqt.updater - INFO - updater 19788 Patching C:\Qt\6.10.1\msvc2022_64\lib\Qt6Quick3DHelpersImpld.prl
2026-02-03 18:53:59,438 - aqt.updater - INFO - updater 19788 Patching C:\Qt\6.10.1\msvc2022_64\lib\Qt6Quick3DIblBaker.prl
2026-02-03 18:53:59,456 - aqt.updater - INFO - updater 19788 Patching C:\Qt\6.10.1\msvc2022_64\lib\Qt6Quick3DIblBakerd.prl
2026-02-03 18:53:59,471 - aqt.updater - INFO - updater 19788 Patching C:\Qt\6.10.1\msvc2022_64\lib\Qt6Quick3DParticleEffects.prl
2026-02-03 18:53:59,489 - aqt.updater - INFO - updater 19788 Patching C:\Qt\6.10.1\msvc2022_64\lib\Qt6Quick3DParticleEffectsd.prl
2026-02-03 18:53:59,499 - aqt.updater - INFO - updater 19788 Patching C:\Qt\6.10.1\msvc2022_64\lib\Qt6Quick3DParticles.prl
2026-02-03 18:53:59,510 - aqt.updater - INFO - updater 19788 Patching C:\Qt\6.10.1\msvc2022_64\lib\Qt6Quick3DParticlesd.prl
2026-02-03 18:53:59,520 - aqt.updater - INFO - updater 19788 Patching C:\Qt\6.10.1\msvc2022_64\lib\Qt6Quick3DRuntimeRender.prl
2026-02-03 18:53:59,539 - aqt.updater - INFO - updater 19788 Patching C:\Qt\6.10.1\msvc2022_64\lib\Qt6Quick3DRuntimeRenderd.prl
2026-02-03 18:53:59,552 - aqt.updater - INFO - updater 19788 Patching C:\Qt\6.10.1\msvc2022_64\lib\Qt6Quick3DSpatialAudio.prl
2026-02-03 18:53:59,555 - aqt.updater - INFO - updater 19788 Patching C:\Qt\6.10.1\msvc2022_64\lib\Qt6Quick3DSpatialAudiod.prl
2026-02-03 18:53:59,558 - aqt.updater - INFO - updater 19788 Patching C:\Qt\6.10.1\msvc2022_64\lib\Qt6Quick3DUtils.prl
2026-02-03 18:53:59,578 - aqt.updater - INFO - updater 19788 Patching C:\Qt\6.10.1\msvc2022_64\lib\Qt6Quick3DUtilsd.prl
2026-02-03 18:53:59,601 - aqt.updater - INFO - updater 19788 Patching C:\Qt\6.10.1\msvc2022_64\lib\Qt6Quick3DXr.prl
2026-02-03 18:53:59,629 - aqt.updater - INFO - updater 19788 Patching C:\Qt\6.10.1\msvc2022_64\lib\Qt6Quick3DXrd.prl
2026-02-03 18:53:59,662 - aqt.updater - INFO - updater 19788 Patching C:\Qt\6.10.1\msvc2022_64\lib\Qt6QuickControls2.prl
2026-02-03 18:53:59,665 - aqt.updater - INFO - updater 19788 Patching C:\Qt\6.10.1\msvc2022_64\lib\Qt6QuickControls2Basic.prl
2026-02-03 18:53:59,672 - aqt.updater - INFO - updater 19788 Patching C:\Qt\6.10.1\msvc2022_64\lib\Qt6QuickControls2Basicd.prl
2026-02-03 18:53:59,679 - aqt.updater - INFO - updater 19788 Patching C:\Qt\6.10.1\msvc2022_64\lib\Qt6QuickControls2BasicStyleImpl.prl
2026-02-03 18:53:59,681 - aqt.updater - INFO - updater 19788 Patching C:\Qt\6.10.1\msvc2022_64\lib\Qt6QuickControls2BasicStyleImpld.prl
2026-02-03 18:53:59,685 - aqt.updater - INFO - updater 19788 Patching C:\Qt\6.10.1\msvc2022_64\lib\Qt6QuickControls2d.prl
2026-02-03 18:53:59,690 - aqt.updater - INFO - updater 19788 Patching C:\Qt\6.10.1\msvc2022_64\lib\Qt6QuickControls2FluentWinUI3StyleImpl.prl
2026-02-03 18:53:59,693 - aqt.updater - INFO - updater 19788 Patching C:\Qt\6.10.1\msvc2022_64\lib\Qt6QuickControls2FluentWinUI3StyleImpld.prl
2026-02-03 18:53:59,697 - aqt.updater - INFO - updater 19788 Patching C:\Qt\6.10.1\msvc2022_64\lib\Qt6QuickControls2Fusion.prl
2026-02-03 18:53:59,701 - aqt.updater - INFO - updater 19788 Patching C:\Qt\6.10.1\msvc2022_64\lib\Qt6QuickControls2Fusiond.prl
2026-02-03 18:53:59,706 - aqt.updater - INFO - updater 19788 Patching C:\Qt\6.10.1\msvc2022_64\lib\Qt6QuickControls2FusionStyleImpl.prl
2026-02-03 18:53:59,708 - aqt.updater - INFO - updater 19788 Patching C:\Qt\6.10.1\msvc2022_64\lib\Qt6QuickControls2FusionStyleImpld.prl
2026-02-03 18:53:59,712 - aqt.updater - INFO - updater 19788 Patching C:\Qt\6.10.1\msvc2022_64\lib\Qt6QuickControls2Imagine.prl
2026-02-03 18:53:59,715 - aqt.updater - INFO - updater 19788 Patching C:\Qt\6.10.1\msvc2022_64\lib\Qt6QuickControls2Imagined.prl
2026-02-03 18:53:59,720 - aqt.updater - INFO - updater 19788 Patching C:\Qt\6.10.1\msvc2022_64\lib\Qt6QuickControls2ImagineStyleImpl.prl
2026-02-03 18:53:59,722 - aqt.updater - INFO - updater 19788 Patching C:\Qt\6.10.1\msvc2022_64\lib\Qt6QuickControls2ImagineStyleImpld.prl
2026-02-03 18:53:59,725 - aqt.updater - INFO - updater 19788 Patching C:\Qt\6.10.1\msvc2022_64\lib\Qt6QuickControls2Impl.prl
2026-02-03 18:53:59,730 - aqt.updater - INFO - updater 19788 Patching C:\Qt\6.10.1\msvc2022_64\lib\Qt6QuickControls2Impld.prl
2026-02-03 18:53:59,764 - aqt.updater - INFO - updater 19788 Patching C:\Qt\6.10.1\msvc2022_64\lib\Qt6QuickControls2Material.prl
2026-02-03 18:53:59,771 - aqt.updater - INFO - updater 19788 Patching C:\Qt\6.10.1\msvc2022_64\lib\Qt6QuickControls2Materiald.prl
2026-02-03 18:53:59,778 - aqt.updater - INFO - updater 19788 Patching C:\Qt\6.10.1\msvc2022_64\lib\Qt6QuickControls2MaterialStyleImpl.prl
2026-02-03 18:53:59,782 - aqt.updater - INFO - updater 19788 Patching C:\Qt\6.10.1\msvc2022_64\lib\Qt6QuickControls2MaterialStyleImpld.prl
2026-02-03 18:53:59,822 - aqt.updater - INFO - updater 19788 Patching C:\Qt\6.10.1\msvc2022_64\lib\Qt6QuickControls2Universal.prl
2026-02-03 18:53:59,825 - aqt.updater - INFO - updater 19788 Patching C:\Qt\6.10.1\msvc2022_64\lib\Qt6QuickControls2Universald.prl
2026-02-03 18:53:59,839 - aqt.updater - INFO - updater 19788 Patching C:\Qt\6.10.1\msvc2022_64\lib\Qt6QuickControls2UniversalStyleImpl.prl
2026-02-03 18:53:59,854 - aqt.updater - INFO - updater 19788 Patching C:\Qt\6.10.1\msvc2022_64\lib\Qt6QuickControls2UniversalStyleImpld.prl
2026-02-03 18:53:59,857 - aqt.updater - INFO - updater 19788 Patching C:\Qt\6.10.1\msvc2022_64\lib\Qt6QuickControls2WindowsStyleImpl.prl
2026-02-03 18:53:59,860 - aqt.updater - INFO - updater 19788 Patching C:\Qt\6.10.1\msvc2022_64\lib\Qt6QuickControls2WindowsStyleImpld.prl
2026-02-03 18:53:59,863 - aqt.updater - INFO - updater 19788 Patching C:\Qt\6.10.1\msvc2022_64\lib\Qt6QuickControlsTestUtils.prl
2026-02-03 18:53:59,868 - aqt.updater - INFO - updater 19788 Patching C:\Qt\6.10.1\msvc2022_64\lib\Qt6QuickControlsTestUtilsd.prl
2026-02-03 18:53:59,871 - aqt.updater - INFO - updater 19788 Patching C:\Qt\6.10.1\msvc2022_64\lib\Qt6Quickd.prl
2026-02-03 18:53:59,874 - aqt.updater - INFO - updater 19788 Patching C:\Qt\6.10.1\msvc2022_64\lib\Qt6QuickDialogs2.prl
2026-02-03 18:53:59,878 - aqt.updater - INFO - updater 19788 Patching C:\Qt\6.10.1\msvc2022_64\lib\Qt6QuickDialogs2d.prl
2026-02-03 18:53:59,881 - aqt.updater - INFO - updater 19788 Patching C:\Qt\6.10.1\msvc2022_64\lib\Qt6QuickDialogs2QuickImpl.prl
2026-02-03 18:53:59,884 - aqt.updater - INFO - updater 19788 Patching C:\Qt\6.10.1\msvc2022_64\lib\Qt6QuickDialogs2QuickImpld.prl
2026-02-03 18:53:59,887 - aqt.updater - INFO - updater 19788 Patching C:\Qt\6.10.1\msvc2022_64\lib\Qt6QuickDialogs2Utils.prl
2026-02-03 18:53:59,890 - aqt.updater - INFO - updater 19788 Patching C:\Qt\6.10.1\msvc2022_64\lib\Qt6QuickDialogs2Utilsd.prl
2026-02-03 18:53:59,892 - aqt.updater - INFO - updater 19788 Patching C:\Qt\6.10.1\msvc2022_64\lib\Qt6QuickEffects.prl
2026-02-03 18:53:59,895 - aqt.updater - INFO - updater 19788 Patching C:\Qt\6.10.1\msvc2022_64\lib\Qt6QuickEffectsd.prl
2026-02-03 18:53:59,898 - aqt.updater - INFO - updater 19788 Patching C:\Qt\6.10.1\msvc2022_64\lib\Qt6QuickLayouts.prl
2026-02-03 18:53:59,901 - aqt.updater - INFO - updater 19788 Patching C:\Qt\6.10.1\msvc2022_64\lib\Qt6QuickLayoutsd.prl
2026-02-03 18:53:59,904 - aqt.updater - INFO - updater 19788 Patching C:\Qt\6.10.1\msvc2022_64\lib\Qt6QuickParticles.prl
2026-02-03 18:53:59,907 - aqt.updater - INFO - updater 19788 Patching C:\Qt\6.10.1\msvc2022_64\lib\Qt6QuickParticlesd.prl
2026-02-03 18:53:59,910 - aqt.updater - INFO - updater 19788 Patching C:\Qt\6.10.1\msvc2022_64\lib\Qt6QuickShapes.prl
2026-02-03 18:53:59,914 - aqt.updater - INFO - updater 19788 Patching C:\Qt\6.10.1\msvc2022_64\lib\Qt6QuickShapesd.prl
2026-02-03 18:53:59,917 - aqt.updater - INFO - updater 19788 Patching C:\Qt\6.10.1\msvc2022_64\lib\Qt6QuickShapesDesignHelpers.prl
2026-02-03 18:53:59,922 - aqt.updater - INFO - updater 19788 Patching C:\Qt\6.10.1\msvc2022_64\lib\Qt6QuickShapesDesignHelpersd.prl
2026-02-03 18:53:59,925 - aqt.updater - INFO - updater 19788 Patching C:\Qt\6.10.1\msvc2022_64\lib\Qt6QuickTemplates2.prl
2026-02-03 18:53:59,930 - aqt.updater - INFO - updater 19788 Patching C:\Qt\6.10.1\msvc2022_64\lib\Qt6QuickTemplates2d.prl
2026-02-03 18:53:59,934 - aqt.updater - INFO - updater 19788 Patching C:\Qt\6.10.1\msvc2022_64\lib\Qt6QuickTest.prl
2026-02-03 18:53:59,937 - aqt.updater - INFO - updater 19788 Patching C:\Qt\6.10.1\msvc2022_64\lib\Qt6QuickTestd.prl
2026-02-03 18:53:59,940 - aqt.updater - INFO - updater 19788 Patching C:\Qt\6.10.1\msvc2022_64\lib\Qt6QuickTestUtils.prl
2026-02-03 18:53:59,942 - aqt.updater - INFO - updater 19788 Patching C:\Qt\6.10.1\msvc2022_64\lib\Qt6QuickTestUtilsd.prl
2026-02-03 18:53:59,944 - aqt.updater - INFO - updater 19788 Patching C:\Qt\6.10.1\msvc2022_64\lib\Qt6QuickTimeline.prl
2026-02-03 18:53:59,957 - aqt.updater - INFO - updater 19788 Patching C:\Qt\6.10.1\msvc2022_64\lib\Qt6QuickTimelineBlendTrees.prl
2026-02-03 18:53:59,973 - aqt.updater - INFO - updater 19788 Patching C:\Qt\6.10.1\msvc2022_64\lib\Qt6QuickTimelineBlendTreesd.prl
2026-02-03 18:53:59,990 - aqt.updater - INFO - updater 19788 Patching C:\Qt\6.10.1\msvc2022_64\lib\Qt6QuickTimelined.prl
2026-02-03 18:54:00,006 - aqt.updater - INFO - updater 19788 Patching C:\Qt\6.10.1\msvc2022_64\lib\Qt6QuickVectorImage.prl
2026-02-03 18:54:00,010 - aqt.updater - INFO - updater 19788 Patching C:\Qt\6.10.1\msvc2022_64\lib\Qt6QuickVectorImaged.prl
2026-02-03 18:54:00,013 - aqt.updater - INFO - updater 19788 Patching C:\Qt\6.10.1\msvc2022_64\lib\Qt6QuickVectorImageGenerator.prl
2026-02-03 18:54:00,017 - aqt.updater - INFO - updater 19788 Patching C:\Qt\6.10.1\msvc2022_64\lib\Qt6QuickVectorImageGeneratord.prl
2026-02-03 18:54:00,020 - aqt.updater - INFO - updater 19788 Patching C:\Qt\6.10.1\msvc2022_64\lib\Qt6QuickVectorImageHelpers.prl
2026-02-03 18:54:00,023 - aqt.updater - INFO - updater 19788 Patching C:\Qt\6.10.1\msvc2022_64\lib\Qt6QuickVectorImageHelpersd.prl
2026-02-03 18:54:00,027 - aqt.updater - INFO - updater 19788 Patching C:\Qt\6.10.1\msvc2022_64\lib\Qt6QuickWidgets.prl
2026-02-03 18:54:00,031 - aqt.updater - INFO - updater 19788 Patching C:\Qt\6.10.1\msvc2022_64\lib\Qt6QuickWidgetsd.prl
2026-02-03 18:54:00,035 - aqt.updater - INFO - updater 19788 Patching C:\Qt\6.10.1\msvc2022_64\lib\Qt6ShaderTools.prl
2026-02-03 18:54:00,059 - aqt.updater - INFO - updater 19788 Patching C:\Qt\6.10.1\msvc2022_64\lib\Qt6ShaderToolsd.prl
2026-02-03 18:54:00,079 - aqt.updater - INFO - updater 19788 Patching C:\Qt\6.10.1\msvc2022_64\lib\Qt6SpatialAudio.prl
2026-02-03 18:54:00,082 - aqt.updater - INFO - updater 19788 Patching C:\Qt\6.10.1\msvc2022_64\lib\Qt6SpatialAudiod.prl
2026-02-03 18:54:00,086 - aqt.updater - INFO - updater 19788 Patching C:\Qt\6.10.1\msvc2022_64\lib\Qt6Sql.prl
2026-02-03 18:54:00,091 - aqt.updater - INFO - updater 19788 Patching C:\Qt\6.10.1\msvc2022_64\lib\Qt6Sqld.prl
2026-02-03 18:54:00,096 - aqt.updater - INFO - updater 19788 Patching C:\Qt\6.10.1\msvc2022_64\lib\Qt6Svg.prl
2026-02-03 18:54:00,098 - aqt.updater - INFO - updater 19788 Patching C:\Qt\6.10.1\msvc2022_64\lib\Qt6Svgd.prl
2026-02-03 18:54:00,103 - aqt.updater - INFO - updater 19788 Patching C:\Qt\6.10.1\msvc2022_64\lib\Qt6SvgWidgets.prl
2026-02-03 18:54:00,107 - aqt.updater - INFO - updater 19788 Patching C:\Qt\6.10.1\msvc2022_64\lib\Qt6SvgWidgetsd.prl
2026-02-03 18:54:00,112 - aqt.updater - INFO - updater 19788 Patching C:\Qt\6.10.1\msvc2022_64\lib\Qt6Test.prl
2026-02-03 18:54:00,115 - aqt.updater - INFO - updater 19788 Patching C:\Qt\6.10.1\msvc2022_64\lib\Qt6Testd.prl
2026-02-03 18:54:00,135 - aqt.updater - INFO - updater 19788 Patching C:\Qt\6.10.1\msvc2022_64\lib\Qt6UiTools.prl
2026-02-03 18:54:00,138 - aqt.updater - INFO - updater 19788 Patching C:\Qt\6.10.1\msvc2022_64\lib\Qt6UiToolsd.prl
2026-02-03 18:54:00,141 - aqt.updater - INFO - updater 19788 Patching C:\Qt\6.10.1\msvc2022_64\lib\Qt6Widgets.prl
2026-02-03 18:54:00,147 - aqt.updater - INFO - updater 19788 Patching C:\Qt\6.10.1\msvc2022_64\lib\Qt6Widgetsd.prl
2026-02-03 18:54:00,152 - aqt.updater - INFO - updater 19788 Patching C:\Qt\6.10.1\msvc2022_64\lib\Qt6Xml.prl
2026-02-03 18:54:00,154 - aqt.updater - INFO - updater 19788 Patching C:\Qt\6.10.1\msvc2022_64\lib\Qt6Xmld.prl
2026-02-03 18:54:00,160 - aqt.main - INFO - installer 19788 Finished installation
2026-02-03 18:54:00,160 - aqt.main - INFO - installer 19788 Time elapsed: 56.81746280 second
